#
# A fatal error has been detected by the Java Runtime Environment:
#
#  Internal Error (jvmciRuntime.cpp:1609), pid=21, tid=40
#  fatal error: Fatal exception in JVMCI: Error calling jdk.vm.ci.services.Services.serializeSavedProperties
#
# JRE version: OpenJDK Runtime Environment GraalVM CE 22.3.0 (17.0.5+8) (build 17.0.5+8-jvmci-22.3-b08)
# Java VM: OpenJDK 64-Bit Server VM GraalVM CE 22.3.0 (17.0.5+8-jvmci-22.3-b08, mixed mode, sharing, tiered, jvmci, jvmci compiler, compressed oops, compressed class ptrs, parallel gc, linux-amd64)
# Problematic frame:
# V  [libjvm.so+0x972714]  JVMCIRuntime::fatal_exception(JVMCIEnv*, char const*)+0x74
#
# Core dump will be written. Default location: Core dumps may be processed with "/usr/share/apport/apport -p%p -s%s -c%c -d%d -P%P -u%u -g%g -- %E" (or dumping to /home/runner/New-PLTW-252-Activity/core.21)
#
# If you would like to submit a bug report, please visit:
#   https://github.com/oracle/graal/issues
#

---------------  S U M M A R Y ------------

Command Line: -XX:ThreadPriorityPolicy=1 -XX:+UnlockExperimentalVMOptions -XX:+EnableJVMCIProduct -XX:JVMCIThreadsPerNativeLibraryRuntime=1 -XX:-UnlockExperimentalVMOptions -Declipse.application=org.eclipse.jdt.ls.core.id1 -Dosgi.bundles.defaultStartLevel=4 -Declipse.product=org.eclipse.jdt.ls.core.product -Dlog.level=ALL -Xverify:none -XX:+UseParallelGC -XX:GCTimeRatio=4 -XX:AdaptiveSizePolicyWeight=90 -Dsun.zip.disableMemoryMapping=true -Xmx512m -Xms100m /nix/store/a7s9klvriqi68xz3qjc0qyfl5h86xc16-jdt-language-server-1.9.0/share/java/plugins/org.eclipse.equinox.launcher_1.6.400.v20210924-0641.jar --add-modules=ALL-SYSTEM --add-opens java.base/java.util=ALL-UNNAMED --add-opens java.base/java.lang=ALL-UNNAMED -configuration /home/runner/.cache/jdt-language-server/config -data /home/runner/.cache/jdt-language-server/data/home/runner/New-PLTW-252-Activity

Host: Intel(R) Xeon(R) CPU @ 2.20GHz, 8 cores, 1G, Ubuntu 20.04.2 LTS
Time: Mon Oct 30 03:56:47 2023 UTC elapsed time: 1661.745458 seconds (0d 0h 27m 41s)

---------------  T H R E A D  ---------------

Current thread (0x00007f1ef80b1c10):  JavaThread "JVMCI-native CompilerThread0" daemon [_thread_in_vm, id=40, stack(0x00007f1eddb1a000,0x00007f1eddd1a000)]


Current CompileTask:
JVMCI-native:1661745 13147       4       java.util.LinkedList::node (65 bytes)

Stack: [0x00007f1eddb1a000,0x00007f1eddd1a000],  sp=0x00007f1eddd18380,  free space=2040k
Native frames: (J=compiled Java code, j=interpreted, Vv=VM code, C=native code)
V  [libjvm.so+0x972714]  JVMCIRuntime::fatal_exception(JVMCIEnv*, char const*)+0x74
V  [libjvm.so+0x93e2fe]  JVMCIEnv::copy_saved_properties()+0x14e
V  [libjvm.so+0x9732a9]  JVMCIRuntime::initialize(JVMCIEnv*)+0xb19
V  [libjvm.so+0x9738a2]  JVMCIRuntime::get_HotSpotJVMCIRuntime(JVMCIEnv*)+0x12
V  [libjvm.so+0x9749f2]  JVMCIRuntime::compile_method(JVMCIEnv*, JVMCICompiler*, methodHandle const&, int)+0xd2
V  [libjvm.so+0x5b0d20]  CompileBroker::invoke_compiler_on_method(CompileTask*)+0x1470
V  [libjvm.so+0x5b12e8]  CompileBroker::compiler_thread_loop()+0x528
V  [libjvm.so+0xd82460]  JavaThread::thread_main_inner()+0xd0
V  [libjvm.so+0xd85a40]  Thread::call_run()+0xc0
V  [libjvm.so+0xbdb1e1]  thread_native_entry(Thread*)+0xe1

Register to memory mapping:

RAX=0x00007f1efd854000 points into unknown readable memory: 0x0000000000000058 | 58 00 00 00 00 00 00 00
RBX=0x00007f1efe94f398: <offset 0x0000000000ef5398> in /nix/store/gpxl5qgg8kicmcvivwmybwjlpf7wh20l-graalvm17-ce-22.3.0/lib/server/libjvm.so at 0x00007f1efda5a000
RCX=0x00007f1efe9071e8: <offset 0x0000000000ead1e8> in /nix/store/gpxl5qgg8kicmcvivwmybwjlpf7wh20l-graalvm17-ce-22.3.0/lib/server/libjvm.so at 0x00007f1efda5a000
RDX=0x0000000000000649 is an unknown value
RSP=0x00007f1eddd18380 is pointing into the stack for thread: 0x00007f1ef80b1c10
RBP=0x00007f1eddd183a0 is pointing into the stack for thread: 0x00007f1ef80b1c10
RSI=0x00007f1efe94fc48: <offset 0x0000000000ef5c48> in /nix/store/gpxl5qgg8kicmcvivwmybwjlpf7wh20l-graalvm17-ce-22.3.0/lib/server/libjvm.so at 0x00007f1efda5a000
RDI=0x00000000e0000000 is an oop: java.lang.String 
{0x00000000e0000000} - klass: 'java/lang/String'
 - string: "resolution"
R8 =0x00007f1efe94f398: <offset 0x0000000000ef5398> in /nix/store/gpxl5qgg8kicmcvivwmybwjlpf7wh20l-graalvm17-ce-22.3.0/lib/server/libjvm.so at 0x00007f1efda5a000
R9 =0x0000000000000003 is an unknown value
R10=0x00007f1efeca0da0: <offset 0x0000000001246da0> in /nix/store/gpxl5qgg8kicmcvivwmybwjlpf7wh20l-graalvm17-ce-22.3.0/lib/server/libjvm.so at 0x00007f1efda5a000
R11=0x000000080044f048 is pointing into metadata
R12=0x0 is NULL
R13=0x00007f1ef80b1c10 is a thread
R14=0x00007f1ef8000b80 points into unknown readable memory: 0x00007f1efeb80a38 | 38 0a b8 fe 1e 7f 00 00
R15=0x00007f1efec8ee40: <offset 0x0000000001234e40> in /nix/store/gpxl5qgg8kicmcvivwmybwjlpf7wh20l-graalvm17-ce-22.3.0/lib/server/libjvm.so at 0x00007f1efda5a000


Registers:
RAX=0x00007f1efd854000, RBX=0x00007f1efe94f398, RCX=0x00007f1efe9071e8, RDX=0x0000000000000649
RSP=0x00007f1eddd18380, RBP=0x00007f1eddd183a0, RSI=0x00007f1efe94fc48, RDI=0x00000000e0000000
R8 =0x00007f1efe94f398, R9 =0x0000000000000003, R10=0x00007f1efeca0da0, R11=0x000000080044f048
R12=0x0000000000000000, R13=0x00007f1ef80b1c10, R14=0x00007f1ef8000b80, R15=0x00007f1efec8ee40
RIP=0x00007f1efe3cc714, EFLAGS=0x0000000000010206, CSGSFS=0x002b000000000033, ERR=0x0000000000000006
  TRAPNO=0x000000000000000e

Top of Stack: (sp=0x00007f1eddd18380)
0x00007f1eddd18380:   00007f1eddd18940 00007f1ef80b1c10
0x00007f1eddd18390:   00007f1efc1e58c8 0000000800c417a0
0x00007f1eddd183a0:   00007f1eddd18500 00007f1efe3982fe
0x00007f1eddd183b0:   00007f1eddd183e0 00007f1eddd18440 

Instructions: (pc=0x00007f1efe3cc714)
0x00007f1efe3cc614:   30 e8 f6 cf e8 ff 4c 89 e7 e8 2e 48 d1 ff 84 db
0x00007f1efe3cc624:   75 2a 4d 85 ed 74 04 4d 8b 6d 00 48 83 c4 08 44
0x00007f1efe3cc634:   89 f9 4c 89 f2 4c 89 ee 5b 4c 89 e7 41 5c 41 5d
0x00007f1efe3cc644:   41 5e 41 5f 5d e9 e2 47 d1 ff 66 90 48 83 c4 08
0x00007f1efe3cc654:   5b 41 5c 41 5d 41 5e 41 5f 5d c3 90 31 d2 be 08
0x00007f1efe3cc664:   00 00 00 4c 89 ff e8 b1 78 a3 ff 49 89 c5 e9 37
0x00007f1efe3cc674:   ff ff ff 66 0f 1f 84 00 00 00 00 00 48 8b 7a 08
0x00007f1efe3cc684:   e9 6d ff ff ff 0f 1f 80 00 00 00 00 e8 5b 48 0a
0x00007f1efe3cc694:   00 84 c0 75 89 e9 6a ff ff ff 66 90 55 48 89 e5
0x00007f1efe3cc6a4:   41 56 41 55 41 54 49 89 fc 53 48 89 f3 66 48 8d
0x00007f1efe3cc6b4:   3d 27 5e 85 00 66 66 48 e8 df 43 8d ff 4c 8b 28
0x00007f1efe3cc6c4:   8b 05 be 72 8a 00 85 c0 75 14 ba 01 00 00 00 48
0x00007f1efe3cc6d4:   8d 0d ae 72 8a 00 f0 0f b1 11 85 c0 74 4e be c8
0x00007f1efe3cc6e4:   00 00 00 4c 89 ef e8 01 0b 41 00 48 8d 05 12 ac
0x00007f1efe3cc6f4:   85 00 49 89 d8 48 8d 0d e8 aa 53 00 ba 49 06 00
0x00007f1efe3cc704:   00 48 8d 35 3c 35 58 00 bf 00 00 00 e0 48 8b 00
0x00007f1efe3cc714:   c6 00 58 31 c0 e8 e2 91 c6 ff 5b 41 5c 41 5d 41
0x00007f1efe3cc724:   5e 5d e9 55 34 26 00 0f 1f 44 00 00 48 8d 05 81
0x00007f1efe3cc734:   a3 8b 00 48 89 df 4c 8b 30 e8 9e 43 8d ff 48 89
0x00007f1efe3cc744:   de 48 89 c2 49 8b 06 4c 89 f7 ff 50 08 4c 89 f7
0x00007f1efe3cc754:   e8 a7 5c 27 00 4d 85 e4 74 12 be 01 00 00 00 4c
0x00007f1efe3cc764:   89 e7 e8 35 43 fc ff eb 82 0f 1f 00 be 01 00 00
0x00007f1efe3cc774:   00 4c 89 ef e8 d3 fd ff ff e9 6d ff ff ff 66 66
0x00007f1efe3cc784:   2e 0f 1f 84 00 00 00 00 00 0f 1f 00 55 48 89 e5
0x00007f1efe3cc794:   41 57 41 56 41 55 41 54 53 48 81 ec 08 02 00 00
0x00007f1efe3cc7a4:   64 48 8b 04 25 28 00 00 00 48 89 45 c8 8b 07 83
0x00007f1efe3cc7b4:   f8 02 0f 84 11 04 00 00 4c 8b 6f 18 49 89 ff 49
0x00007f1efe3cc7c4:   89 f4 4d 85 ed 74 14 4c 89 ef e8 5d 57 22 00 41
0x00007f1efe3cc7d4:   8b 07 83 f8 02 0f 84 19 04 00 00 48 8d 1d 9a 06
0x00007f1efe3cc7e4:   8a 00 4c 8d 35 0b 3c 58 00 eb 38 90 48 85 d2 7f
0x00007f1efe3cc7f4:   0d 48 8d 05 b4 c0 85 00 48 83 38 00 7e 0e 41 8b
0x00007f1efe3cc804:   77 2c 4c 89 f7 31 c0 e8 a0 b2 f7 ff 49 8b 7f 18 


Stack slot to memory mapping:
stack at sp + 0 slots: 0x00007f1eddd18940 is pointing into the stack for thread: 0x00007f1ef80b1c10
stack at sp + 1 slots: 0x00007f1ef80b1c10 is a thread
stack at sp + 2 slots: 0x00007f1efc1e58c8 points into unknown readable memory: 0x65730018052dffff | ff ff 2d 05 18 00 73 65
stack at sp + 3 slots: 0x0000000800c417a0 is a pointer to class: 
jdk.vm.ci.services.Services {0x0000000800c417a0}
 - instance size:     2
 - klass size:        65
 - access:            public final synchronized 
 - state:             fully_initialized
 - name:              'jdk/vm/ci/services/Services'
 - super:             'java/lang/Object'
 - sub:               
 - arrays:            NULL
 - methods:           Array<T>(0x00007f1ede4411b0)
 - method ordering:   Array<T>(0x0000000800928960)
 - default_methods:   Array<T>(0x0000000000000000)
 - local interfaces:  Array<T>(0x00000008005ce810)
 - trans. interfaces: Array<T>(0x00000008005ce810)
 - constants:         constant pool [427] {0x00007f1ede440290} for 'jdk/vm/ci/services/Services' cache=0x00007f1ede442480
 - class loader data:  loader data: 0x00007f1ef8027cc0 of 'bootstrap'
 - source file:       'Services.java'
 - class annotations:       Array<T>(0x0000000000000000)
 - class type annotations:  Array<T>(0x0000000000000000)
 - field annotations:       Array<T>(0x0000000000000000)
 - field type annotations:  Array<T>(0x0000000000000000)
 - inner classes:     Array<T>(0x00007f1ede442450)
 - nest members:     Array<T>(0x00007f1ede442470)
 - permitted subclasses:     Array<T>(0x00000008005ce7a0)
 - java mirror:       a 'java/lang/Class'{0x00000000e0147dc0} = 'jdk/vm/ci/services/Services'
 - vtable length      5  (start addr: 0x0000000800c41970)
 - itable length      2 (start addr: 0x0000000800c41998)
 - ---- static fields (3 words):
 - public static final 'IS_BUILDING_NATIVE_IMAGE' 'Z' @128 
 - public static final 'IS_IN_NATIVE_IMAGE' 'Z' @129 
 - private static volatile 'savedProperties' 'Ljava/util/Map;' @112 
 - static final 'JVMCI_ENABLED' 'Z' @130 
 - private static final 'servicesCache' 'Ljava/util/Map;' @116 
 - private static final 'MAX_UNICODE_IN_UTF8_LENGTH' 'I' @120 
 - private static final 'MAX_UTF8_PROPERTY_STRING_LENGTH' 'I' @124 
 - ---- non-static fields (0 words):
 - non-static oop maps: 
stack at sp + 4 slots: 0x00007f1eddd18500 is pointing into the stack for thread: 0x00007f1ef80b1c10
stack at sp + 5 slots: 0x00007f1efe3982fe: <offset 0x000000000093e2fe> in /nix/store/gpxl5qgg8kicmcvivwmybwjlpf7wh20l-graalvm17-ce-22.3.0/lib/server/libjvm.so at 0x00007f1efda5a000
stack at sp + 6 slots: 0x00007f1eddd183e0 is pointing into the stack for thread: 0x00007f1ef80b1c10
stack at sp + 7 slots: 0x00007f1eddd18440 is pointing into the stack for thread: 0x00007f1ef80b1c10


---------------  P R O C E S S  ---------------

Threads class SMR info:
_java_thread_list=0x00007f1e58002aa0, length=29, elements={
0x00007f1ef8025f60, 0x00007f1ef80a5f00, 0x00007f1ef80a7340, 0x00007f1ef80ada80,
0x00007f1ef80aee30, 0x00007f1ef80b0220, 0x00007f1ef80b1c10, 0x00007f1ef80b3120,
0x00007f1ef80b4180, 0x00007f1ef80d72c0, 0x00007f1ef812f700, 0x00007f1ef830b3b0,
0x00007f1ef833ed40, 0x00007f1ef8340c80, 0x00007f1ef85fe150, 0x00007f1e8c017010,
0x00007f1e8c2ba650, 0x00007f1e8c48c030, 0x00007f1e8c660050, 0x00007f1e74000ff0,
0x00007f1ef846ad20, 0x00007f1ef8647ff0, 0x00007f1e68002320, 0x00007f1e64163bd0,
0x00007f1e7403ec60, 0x00007f1e64113210, 0x00007f1e640f10f0, 0x00007f1e64070300,
0x00007f1e64113af0
}

Java Threads: ( => current thread )
  0x00007f1ef8025f60 JavaThread "main" [_thread_blocked, id=32, stack(0x00007f1efd875000,0x00007f1efd975000)]
  0x00007f1ef80a5f00 JavaThread "Reference Handler" daemon [_thread_blocked, id=35, stack(0x00007f1edecdc000,0x00007f1ededdc000)]
  0x00007f1ef80a7340 JavaThread "Finalizer" daemon [_thread_blocked, id=36, stack(0x00007f1ede300000,0x00007f1ede400000)]
  0x00007f1ef80ada80 JavaThread "Signal Dispatcher" daemon [_thread_blocked, id=37, stack(0x00007f1eddf1a000,0x00007f1ede01a000)]
  0x00007f1ef80aee30 JavaThread "Service Thread" daemon [_thread_blocked, id=38, stack(0x00007f1edde1a000,0x00007f1eddf1a000)]
  0x00007f1ef80b0220 JavaThread "Monitor Deflation Thread" daemon [_thread_blocked, id=39, stack(0x00007f1eddd1a000,0x00007f1edde1a000)]
=>0x00007f1ef80b1c10 JavaThread "JVMCI-native CompilerThread0" daemon [_thread_in_vm, id=40, stack(0x00007f1eddb1a000,0x00007f1eddd1a000)]
  0x00007f1ef80b3120 JavaThread "C1 CompilerThread0" daemon [_thread_blocked, id=41, stack(0x00007f1edd91a000,0x00007f1eddb1a000)]
  0x00007f1ef80b4180 JavaThread "Sweeper thread" daemon [_thread_blocked, id=42, stack(0x00007f1edd81a000,0x00007f1edd91a000)]
  0x00007f1ef80d72c0 JavaThread "Common-Cleaner" daemon [_thread_blocked, id=43, stack(0x00007f1edd71a000,0x00007f1edd81a000)]
  0x00007f1ef812f700 JavaThread "Notification Thread" daemon [_thread_blocked, id=44, stack(0x00007f1edd61a000,0x00007f1edd71a000)]
  0x00007f1ef830b3b0 JavaThread "Active Thread: Equinox Container: 3bb53f79-3def-475c-9e65-6d15a0947792" [_thread_blocked, id=114, stack(0x00007f1edc200000,0x00007f1edc300000)]
  0x00007f1ef833ed40 JavaThread "Framework Event Dispatcher: Equinox Container: 3bb53f79-3def-475c-9e65-6d15a0947792" daemon [_thread_blocked, id=128, stack(0x00007f1edc000000,0x00007f1edc100000)]
  0x00007f1ef8340c80 JavaThread "Start Level: Equinox Container: 3bb53f79-3def-475c-9e65-6d15a0947792" daemon [_thread_blocked, id=129, stack(0x00007f1ea5b00000,0x00007f1ea5c00000)]
  0x00007f1ef85fe150 JavaThread "Refresh Thread: Equinox Container: 3bb53f79-3def-475c-9e65-6d15a0947792" daemon [_thread_blocked, id=144, stack(0x00007f1ea5900000,0x00007f1ea5a00000)]
  0x00007f1e8c017010 JavaThread "SCR Component Actor" daemon [_thread_blocked, id=161, stack(0x00007f1ea5700000,0x00007f1ea5800000)]
  0x00007f1e8c2ba650 JavaThread "Worker-JM" [_thread_blocked, id=229, stack(0x00007f1ea5300000,0x00007f1ea5400000)]
  0x00007f1e8c48c030 JavaThread "Java indexing" daemon [_thread_blocked, id=262, stack(0x00007f1ea5500000,0x00007f1ea5600000)]
  0x00007f1e8c660050 JavaThread "Bundle File Closer" daemon [_thread_blocked, id=295, stack(0x00007f1ea4d00000,0x00007f1ea4e00000)]
  0x00007f1e74000ff0 JavaThread "Worker-2: Compacting resource model" [_thread_blocked, id=309, stack(0x00007f1ea4b00000,0x00007f1ea4c00000)]
  0x00007f1ef846ad20 JavaThread "pool-3-thread-1" [_thread_blocked, id=319, stack(0x00007f1ea4900000,0x00007f1ea4a00000)]
  0x00007f1ef8647ff0 JavaThread "pool-2-thread-1" [_thread_blocked, id=335, stack(0x00007f1ea5800000,0x00007f1ea5900000)]
  0x00007f1e68002320 JavaThread "Worker-5: Java indexing... " [_thread_blocked, id=441, stack(0x00007f1ea4100000,0x00007f1ea4200000)]
  0x00007f1e64163bd0 JavaThread "Thread-7" [_thread_blocked, id=936, stack(0x00007f1ea3700000,0x00007f1ea3800000)]
  0x00007f1e7403ec60 JavaThread "Worker-6: Publish Diagnostics" [_thread_blocked, id=1388, stack(0x00007f1ea4700000,0x00007f1ea4800000)]
  0x00007f1e64113210 JavaThread "Thread-15" [_thread_blocked, id=1483, stack(0x00007f1ea3d00000,0x00007f1ea3e00000)]
  0x00007f1e640f10f0 JavaThread "Thread-37" [_thread_blocked, id=1900, stack(0x00007f1ea3900000,0x00007f1ea3a00000)]
  0x00007f1e64070300 JavaThread "Thread-38" [_thread_blocked, id=1902, stack(0x00007f1ea5a00000,0x00007f1ea5b00000)]
  0x00007f1e64113af0 JavaThread "Thread-54" [_thread_blocked, id=2474, stack(0x00007f1ea4f00000,0x00007f1ea5000000)]

Other Threads:
  0x00007f1ef80a1640 VMThread "VM Thread" [stack: 0x00007f1ededde000,0x00007f1edeede000] [id=34] _threads_hazard_ptr=0x00007f1e58002aa0
  0x00007f1ef81310a0 WatcherThread [stack: 0x00007f1edd51a000,0x00007f1edd61a000] [id=45]
  0x00007f1ef803d860 GCTaskThread "GC Thread#0" [stack: 0x00007f1efd438000,0x00007f1efd538000] [id=33]

Threads with active compile tasks:
JVMCI-native CompilerThread0  1661831 13147       4       java.util.LinkedList::node (65 bytes)
C1 CompilerThread0  1661831 13148       1       java.util.concurrent.ThreadPoolExecutor::getQueue (5 bytes)

VM state: synchronizing (normal execution)

VM Mutex/Monitor currently owned by a thread:  ([mutex/lock_event])
[0x00007f1ef8023110] Threads_lock - owner thread: 0x00007f1ef80a1640
[0x00007f1ef80238c0] Heap_lock - owner thread: 0x00007f1e64113af0

OutOfMemory and StackOverflow Exception counts:
OutOfMemoryError java_heap_errors=1
LinkageErrors=68

Heap address: 0x00000000e0000000, size: 512 MB, Compressed Oops mode: 32-bit

CDS archive(s) mapped at: [0x0000000800000000-0x0000000800bc8000-0x0000000800bc8000), size 12353536, SharedBaseAddress: 0x0000000800000000, ArchiveRelocationMode: 0.
Compressed class space mapped at: 0x0000000800c00000-0x0000000840c00000, reserved size: 1073741824
Narrow klass base: 0x0000000800000000, Narrow klass shift: 0, Narrow klass range: 0x100000000

GC Precious Log:
 CPUs: 8 total, 1 available
 Memory: 1024M
 Large Page Support: Disabled
 NUMA Support: Disabled
 Compressed Oops: Enabled (32-bit)
 Alignments: Space 512K, Generation 512K, Heap 2M
 Heap Min Capacity: 100M
 Heap Initial Capacity: 100M
 Heap Max Capacity: 512M
 Pre-touch: Disabled
 Parallel Workers: 1

Heap:
 PSYoungGen      total 72704K, used 54783K [0x00000000f5580000, 0x00000000fcc00000, 0x0000000100000000)
  eden space 54784K, 99% used [0x00000000f5580000,0x00000000f8affff8,0x00000000f8b00000)
  from space 17920K, 0% used [0x00000000f8b00000,0x00000000f8b00000,0x00000000f9c80000)
  to   space 32256K, 0% used [0x00000000fac80000,0x00000000fac80000,0x00000000fcc00000)
 ParOldGen       total 349696K, used 349695K [0x00000000e0000000, 0x00000000f5580000, 0x00000000f5580000)
  object space 349696K, 99% used [0x00000000e0000000,0x00000000f557fdc8,0x00000000f5580000)
 Metaspace       used 66671K, committed 67648K, reserved 1114112K
  class space    used 6340K, committed 6784K, reserved 1048576K

Card table byte_map: [0x00007f1efd538000,0x00007f1efd639000] _byte_map_base: 0x00007f1efce38000

Marking Bits: (ParMarkBitMap*) 0x00007f1efec884c0
 Begin Bits: [0x00007f1efc38b000, 0x00007f1efcb8b000)
 End Bits:   [0x00007f1efcb8b000, 0x00007f1efd38b000)

Polling page: 0x00007f1efd852000

Metaspace:

Usage:
  Non-class:     58.92 MB used.
      Class:      6.19 MB used.
       Both:     65.11 MB used.

Virtual space:
  Non-class space:       64.00 MB reserved,      59.44 MB ( 93%) committed,  8 nodes.
      Class space:        1.00 GB reserved,       6.62 MB ( <1%) committed,  1 nodes.
             Both:        1.06 GB reserved,      66.06 MB (  6%) committed. 

Chunk freelists:
   Non-Class:  312.00 KB
       Class:  1.24 MB
        Both:  1.54 MB

MaxMetaspaceSize: unlimited
CompressedClassSpaceSize: 1.00 GB
Initial GC threshold: 21.00 MB
Current GC threshold: 110.00 MB
CDS: on
MetaspaceReclaimPolicy: balanced
 - commit_granule_bytes: 65536.
 - commit_granule_words: 8192.
 - virtual_space_node_default_size: 1048576.
 - enlarge_chunks_in_place: 1.
 - new_chunks_are_fully_committed: 0.
 - uncommit_free_chunks: 1.
 - use_allocation_guard: 0.
 - handle_deallocations: 1.


Internal statistics:

num_allocs_failed_limit: 6.
num_arena_births: 536.
num_arena_deaths: 154.
num_vsnodes_births: 9.
num_vsnodes_deaths: 0.
num_space_committed: 1055.
num_space_uncommitted: 0.
num_chunks_returned_to_freelist: 216.
num_chunks_taken_from_freelist: 3284.
num_chunk_merges: 76.
num_chunk_splits: 2059.
num_chunks_enlarged: 1254.
num_purges: 20.
num_inconsistent_stats: 0.

CodeHeap 'non-profiled nmethods': size=120036Kb used=3188Kb max_used=3188Kb free=116847Kb
 bounds [0x00007f1ee6f7a000, 0x00007f1ee729a000, 0x00007f1eee4b3000]
CodeHeap 'profiled nmethods': size=120032Kb used=19950Kb max_used=19950Kb free=100082Kb
 bounds [0x00007f1edfa42000, 0x00007f1ee0dc2000, 0x00007f1ee6f7a000]
CodeHeap 'non-nmethods': size=5692Kb used=1398Kb max_used=1414Kb free=4293Kb
 bounds [0x00007f1edf4b3000, 0x00007f1edf723000, 0x00007f1edfa42000]
 total_blobs=9615 nmethods=8880 adapters=643
 compilation: enabled
              stopped_count=0, restarted_count=0
 full_count=0

JVMCI Events (20 events):
Event: 1437.546 Thread 0x00007f1ef80b1c10 destroyed JavaVM[2]@0x00007f1ea2f9e340 for JVMCI runtime 0
Event: 1437.546 Thread 0x00007f1ef80b1c10 compacted oop handles in JVMCI runtime 0 from 106 to 106
Event: 1437.546 Thread 0x00007f1ef80b1c10 releasing handles for JVMCI runtime 0: oop handles=106, metadata handles={total=256, live=234, blocks=36}
Event: 1437.546 Thread 0x00007f1ef80b1c10 detached from JVMCI runtime 0
Event: 1473.441 Thread 0x00007f1ef80b1c10 attached to JVMCI runtime 0
Event: 1473.445 Thread 0x00007f1ef80b1c10 created JavaVM[3]@0x00007f1ea2f9e340 for JVMCI runtime 0
Event: 1476.015 Thread 0x00007f1ef80b1c10 initializing JVMCI runtime 0
Event: 1476.015 Thread 0x00007f1ef80b1c10 done waiting for JavaVM references initialization in JVMCI runtime 0
Event: 1519.833 Thread 0x00007f1ef80b1c10 initialized JVMCI runtime 0
Event: 1555.832 Thread 0x00007f1ef80b1c10 detaching from JVMCI runtime 0: releasing idle compiler thread (0 other threads still attached)
Event: 1555.832 Thread 0x00007f1ef80b1c10 shutting down HotSpotJVMCIRuntime for JVMCI runtime 0
Event: 1555.832 Thread 0x00007f1ef80b1c10 shut down JVMCI runtime 0
Event: 1555.833 Thread 0x00007f1ef80b1c10 destroyed JavaVM[3]@0x00007f1ea2f9e340 for JVMCI runtime 0
Event: 1555.833 Thread 0x00007f1ef80b1c10 compacted oop handles in JVMCI runtime 0 from 56 to 56
Event: 1555.833 Thread 0x00007f1ef80b1c10 releasing handles for JVMCI runtime 0: oop handles=56, metadata handles={total=96, live=89, blocks=36}
Event: 1555.833 Thread 0x00007f1ef80b1c10 detached from JVMCI runtime 0
Event: 1650.944 Thread 0x00007f1ef80b1c10 attached to JVMCI runtime 0
Event: 1650.947 Thread 0x00007f1ef80b1c10 created JavaVM[4]@0x00007f1ea2f9e340 for JVMCI runtime 0
Event: 1650.947 Thread 0x00007f1ef80b1c10 initializing JVMCI runtime 0
Event: 1650.947 Thread 0x00007f1ef80b1c10 done waiting for JavaVM references initialization in JVMCI runtime 0

Compilation events (20 events):
Event: 991.739 Thread 0x00007f1ef80b1c10 nmethod 12460 0x00007f1ee7293610 code [0x00007f1ee7293780, 0x00007f1ee72937f8]
Event: 991.739 Thread 0x00007f1ef80b1c10 11435       4       java.util.Arrays$ArrayList::size (6 bytes)
Event: 991.745 Thread 0x00007f1ef80b1c10 nmethod 11435 0x00007f1ee7293910 code [0x00007f1ee7293a80, 0x00007f1ee7293af8]
Event: 991.746 Thread 0x00007f1ef80b1c10 13093       4       org.eclipse.jdt.internal.compiler.ast.Expression::setExpressionContext (1 bytes)
Event: 991.750 Thread 0x00007f1ef80b1c10 nmethod 13093 0x00007f1ee7293c10 code [0x00007f1ee7293d80, 0x00007f1ee7293dc0]
Event: 991.750 Thread 0x00007f1ef80b1c10 13113       4       org.eclipse.jdt.internal.compiler.lookup.Binding::initializeDeprecatedAnnotationTagBits (1 bytes)
Event: 991.753 Thread 0x00007f1ef80b1c10 nmethod 13113 0x00007f1ee7293f10 code [0x00007f1ee7294080, 0x00007f1ee72940c0]
Event: 1210.834 Thread 0x00007f1ef80b1c10 13141       4       org.eclipse.jdt.internal.compiler.lookup.BinaryTypeBinding::kind (31 bytes)
Event: 1310.541 Thread 0x00007f1ef80b1c10 nmethod 13141 0x00007f1ee7294210 code [0x00007f1ee7294380, 0x00007f1ee7294418]
Event: 1310.541 Thread 0x00007f1ef80b1c10 13142       4       org.eclipse.jdt.internal.compiler.lookup.LookupEnvironment::getTypeFromTypeSignature (770 bytes)
Event: 1434.851 Thread 0x00007f1ef80b1c10 nmethod 13142 0x00007f1ee7294510 code [0x00007f1ee72947c0, 0x00007f1ee7295588]
Event: 1450.352 Thread 0x00007f1ef80b3120 13143       3       java.util.concurrent.ThreadPoolExecutor::workerCountOf (5 bytes)
Event: 1450.352 Thread 0x00007f1ef80b3120 nmethod 13143 0x00007f1ee0dbcc90 code [0x00007f1ee0dbce20, 0x00007f1ee0dbcf10]
Event: 1473.441 Thread 0x00007f1ef80b1c10 13144       4       java.util.concurrent.locks.ReentrantLock$Sync::isHeldExclusively (16 bytes)
Event: 1552.978 Thread 0x00007f1ef80b1c10 nmethod 13144 0x00007f1ee7296810 code [0x00007f1ee7296980, 0x00007f1ee72969d8]
Event: 1552.979 Thread 0x00007f1ef80b1c10 13145       4       java.util.Collections$UnmodifiableMap$UnmodifiableEntrySet$1::hasNext (10 bytes)
Event: 1552.983 Thread 0x00007f1ef80b1c10 nmethod 13145 0x00007f1ee7296b10 code [0x00007f1ee7296cc0, 0x00007f1ee7296de0]
Event: 1628.534 Thread 0x00007f1ef80b3120 13146       3       java.util.concurrent.ScheduledThreadPoolExecutor$DelayedWorkQueue::setIndex (16 bytes)
Event: 1628.534 Thread 0x00007f1ef80b3120 nmethod 13146 0x00007f1ee0dbcf90 code [0x00007f1ee0dbd140, 0x00007f1ee0dbd710]
Event: 1650.944 Thread 0x00007f1ef80b1c10 13147       4       java.util.LinkedList::node (65 bytes)

GC Heap History (20 events):
Event: 1635.832 GC heap before
{Heap before GC invocations=517 (full 436):
 PSYoungGen      total 72704K, used 54783K [0x00000000f5580000, 0x00000000fcc00000, 0x0000000100000000)
  eden space 54784K, 99% used [0x00000000f5580000,0x00000000f8affff8,0x00000000f8b00000)
  from space 17920K, 0% used [0x00000000f8b00000,0x00000000f8b00000,0x00000000f9c80000)
  to   space 32256K, 0% used [0x00000000fac80000,0x00000000fac80000,0x00000000fcc00000)
 ParOldGen       total 349696K, used 349693K [0x00000000e0000000, 0x00000000f5580000, 0x00000000f5580000)
  object space 349696K, 99% used [0x00000000e0000000,0x00000000f557f5f0,0x00000000f5580000)
 Metaspace       used 66671K, committed 67648K, reserved 1114112K
  class space    used 6340K, committed 6784K, reserved 1048576K
}
Event: 1638.138 GC heap after
{Heap after GC invocations=517 (full 436):
 PSYoungGen      total 87040K, used 54783K [0x00000000f5580000, 0x00000000fcc00000, 0x0000000100000000)
  eden space 54784K, 99% used [0x00000000f5580000,0x00000000f8affff8,0x00000000f8b00000)
  from space 32256K, 0% used [0x00000000fac80000,0x00000000fac80000,0x00000000fcc00000)
  to   space 17920K, 0% used [0x00000000f8b00000,0x00000000f8b00000,0x00000000f9c80000)
 ParOldGen       total 349696K, used 349693K [0x00000000e0000000, 0x00000000f5580000, 0x00000000f5580000)
  object space 349696K, 99% used [0x00000000e0000000,0x00000000f557f5f0,0x00000000f5580000)
 Metaspace       used 66671K, committed 67648K, reserved 1114112K
  class space    used 6340K, committed 6784K, reserved 1048576K
}
Event: 1638.138 GC heap before
{Heap before GC invocations=518 (full 437):
 PSYoungGen      total 87040K, used 54783K [0x00000000f5580000, 0x00000000fcc00000, 0x0000000100000000)
  eden space 54784K, 99% used [0x00000000f5580000,0x00000000f8affff8,0x00000000f8b00000)
  from space 32256K, 0% used [0x00000000fac80000,0x00000000fac80000,0x00000000fcc00000)
  to   space 17920K, 0% used [0x00000000f8b00000,0x00000000f8b00000,0x00000000f9c80000)
 ParOldGen       total 349696K, used 349696K [0x00000000e0000000, 0x00000000f5580000, 0x00000000f5580000)
  object space 349696K, 100% used [0x00000000e0000000,0x00000000f5580000,0x00000000f5580000)
 Metaspace       used 66671K, committed 67648K, reserved 1114112K
  class space    used 6340K, committed 6784K, reserved 1048576K
}
Event: 1640.734 GC heap after
{Heap after GC invocations=518 (full 437):
 PSYoungGen      total 72704K, used 54783K [0x00000000f5580000, 0x00000000fcc00000, 0x0000000100000000)
  eden space 54784K, 99% used [0x00000000f5580000,0x00000000f8affdb0,0x00000000f8b00000)
  from space 17920K, 0% used [0x00000000f8b00000,0x00000000f8b00000,0x00000000f9c80000)
  to   space 32256K, 0% used [0x00000000fac80000,0x00000000fac80000,0x00000000fcc00000)
 ParOldGen       total 349696K, used 349694K [0x00000000e0000000, 0x00000000f5580000, 0x00000000f5580000)
  object space 349696K, 99% used [0x00000000e0000000,0x00000000f557fb30,0x00000000f5580000)
 Metaspace       used 66671K, committed 67648K, reserved 1114112K
  class space    used 6340K, committed 6784K, reserved 1048576K
}
Event: 1640.735 GC heap before
{Heap before GC invocations=519 (full 438):
 PSYoungGen      total 72704K, used 54784K [0x00000000f5580000, 0x00000000fcc00000, 0x0000000100000000)
  eden space 54784K, 100% used [0x00000000f5580000,0x00000000f8b00000,0x00000000f8b00000)
  from space 17920K, 0% used [0x00000000f8b00000,0x00000000f8b00000,0x00000000f9c80000)
  to   space 32256K, 0% used [0x00000000fac80000,0x00000000fac80000,0x00000000fcc00000)
 ParOldGen       total 349696K, used 349694K [0x00000000e0000000, 0x00000000f5580000, 0x00000000f5580000)
  object space 349696K, 99% used [0x00000000e0000000,0x00000000f557fb30,0x00000000f5580000)
 Metaspace       used 66671K, committed 67648K, reserved 1114112K
  class space    used 6340K, committed 6784K, reserved 1048576K
}
Event: 1643.144 GC heap after
{Heap after GC invocations=519 (full 438):
 PSYoungGen      total 87040K, used 54783K [0x00000000f5580000, 0x00000000fcc00000, 0x0000000100000000)
  eden space 54784K, 99% used [0x00000000f5580000,0x00000000f8afff10,0x00000000f8b00000)
  from space 32256K, 0% used [0x00000000fac80000,0x00000000fac80000,0x00000000fcc00000)
  to   space 17920K, 0% used [0x00000000f8b00000,0x00000000f8b00000,0x00000000f9c80000)
 ParOldGen       total 349696K, used 349694K [0x00000000e0000000, 0x00000000f5580000, 0x00000000f5580000)
  object space 349696K, 99% used [0x00000000e0000000,0x00000000f557fb00,0x00000000f5580000)
 Metaspace       used 66671K, committed 67648K, reserved 1114112K
  class space    used 6340K, committed 6784K, reserved 1048576K
}
Event: 1643.145 GC heap before
{Heap before GC invocations=520 (full 439):
 PSYoungGen      total 87040K, used 54783K [0x00000000f5580000, 0x00000000fcc00000, 0x0000000100000000)
  eden space 54784K, 99% used [0x00000000f5580000,0x00000000f8affff8,0x00000000f8b00000)
  from space 32256K, 0% used [0x00000000fac80000,0x00000000fac80000,0x00000000fcc00000)
  to   space 17920K, 0% used [0x00000000f8b00000,0x00000000f8b00000,0x00000000f9c80000)
 ParOldGen       total 349696K, used 349694K [0x00000000e0000000, 0x00000000f5580000, 0x00000000f5580000)
  object space 349696K, 99% used [0x00000000e0000000,0x00000000f557fb00,0x00000000f5580000)
 Metaspace       used 66671K, committed 67648K, reserved 1114112K
  class space    used 6340K, committed 6784K, reserved 1048576K
}
Event: 1645.660 GC heap after
{Heap after GC invocations=520 (full 439):
 PSYoungGen      total 72704K, used 54783K [0x00000000f5580000, 0x00000000fcc00000, 0x0000000100000000)
  eden space 54784K, 99% used [0x00000000f5580000,0x00000000f8affdb8,0x00000000f8b00000)
  from space 17920K, 0% used [0x00000000f8b00000,0x00000000f8b00000,0x00000000f9c80000)
  to   space 32256K, 0% used [0x00000000fac80000,0x00000000fac80000,0x00000000fcc00000)
 ParOldGen       total 349696K, used 349694K [0x00000000e0000000, 0x00000000f5580000, 0x00000000f5580000)
  object space 349696K, 99% used [0x00000000e0000000,0x00000000f557fa28,0x00000000f5580000)
 Metaspace       used 66671K, committed 67648K, reserved 1114112K
  class space    used 6340K, committed 6784K, reserved 1048576K
}
Event: 1645.660 GC heap before
{Heap before GC invocations=521 (full 440):
 PSYoungGen      total 72704K, used 54783K [0x00000000f5580000, 0x00000000fcc00000, 0x0000000100000000)
  eden space 54784K, 99% used [0x00000000f5580000,0x00000000f8affff0,0x00000000f8b00000)
  from space 17920K, 0% used [0x00000000f8b00000,0x00000000f8b00000,0x00000000f9c80000)
  to   space 32256K, 0% used [0x00000000fac80000,0x00000000fac80000,0x00000000fcc00000)
 ParOldGen       total 349696K, used 349694K [0x00000000e0000000, 0x00000000f5580000, 0x00000000f5580000)
  object space 349696K, 99% used [0x00000000e0000000,0x00000000f557fa28,0x00000000f5580000)
 Metaspace       used 66671K, committed 67648K, reserved 1114112K
  class space    used 6340K, committed 6784K, reserved 1048576K
}
Event: 1648.257 GC heap after
{Heap after GC invocations=521 (full 440):
 PSYoungGen      total 87040K, used 54783K [0x00000000f5580000, 0x00000000fcc00000, 0x0000000100000000)
  eden space 54784K, 99% used [0x00000000f5580000,0x00000000f8afff28,0x00000000f8b00000)
  from space 32256K, 0% used [0x00000000fac80000,0x00000000fac80000,0x00000000fcc00000)
  to   space 17920K, 0% used [0x00000000f8b00000,0x00000000f8b00000,0x00000000f9c80000)
 ParOldGen       total 349696K, used 349694K [0x00000000e0000000, 0x00000000f5580000, 0x00000000f5580000)
  object space 349696K, 99% used [0x00000000e0000000,0x00000000f557fa28,0x00000000f5580000)
 Metaspace       used 66671K, committed 67648K, reserved 1114112K
  class space    used 6340K, committed 6784K, reserved 1048576K
}
Event: 1648.263 GC heap before
{Heap before GC invocations=522 (full 441):
 PSYoungGen      total 87040K, used 54784K [0x00000000f5580000, 0x00000000fcc00000, 0x0000000100000000)
  eden space 54784K, 100% used [0x00000000f5580000,0x00000000f8b00000,0x00000000f8b00000)
  from space 32256K, 0% used [0x00000000fac80000,0x00000000fac80000,0x00000000fcc00000)
  to   space 17920K, 0% used [0x00000000f8b00000,0x00000000f8b00000,0x00000000f9c80000)
 ParOldGen       total 349696K, used 349694K [0x00000000e0000000, 0x00000000f5580000, 0x00000000f5580000)
  object space 349696K, 99% used [0x00000000e0000000,0x00000000f557fa28,0x00000000f5580000)
 Metaspace       used 66671K, committed 67648K, reserved 1114112K
  class space    used 6340K, committed 6784K, reserved 1048576K
}
Event: 1650.943 GC heap after
{Heap after GC invocations=522 (full 441):
 PSYoungGen      total 72704K, used 54783K [0x00000000f5580000, 0x00000000fcc00000, 0x0000000100000000)
  eden space 54784K, 99% used [0x00000000f5580000,0x00000000f8affea8,0x00000000f8b00000)
  from space 17920K, 0% used [0x00000000f8b00000,0x00000000f8b00000,0x00000000f9c80000)
  to   space 32256K, 0% used [0x00000000fac80000,0x00000000fac80000,0x00000000fcc00000)
 ParOldGen       total 349696K, used 349694K [0x00000000e0000000, 0x00000000f5580000, 0x00000000f5580000)
  object space 349696K, 99% used [0x00000000e0000000,0x00000000f557fa08,0x00000000f5580000)
 Metaspace       used 66671K, committed 67648K, reserved 1114112K
  class space    used 6340K, committed 6784K, reserved 1048576K
}
Event: 1650.947 GC heap before
{Heap before GC invocations=523 (full 442):
 PSYoungGen      total 72704K, used 54784K [0x00000000f5580000, 0x00000000fcc00000, 0x0000000100000000)
  eden space 54784K, 100% used [0x00000000f5580000,0x00000000f8b00000,0x00000000f8b00000)
  from space 17920K, 0% used [0x00000000f8b00000,0x00000000f8b00000,0x00000000f9c80000)
  to   space 32256K, 0% used [0x00000000fac80000,0x00000000fac80000,0x00000000fcc00000)
 ParOldGen       total 349696K, used 349694K [0x00000000e0000000, 0x00000000f5580000, 0x00000000f5580000)
  object space 349696K, 99% used [0x00000000e0000000,0x00000000f557fa08,0x00000000f5580000)
 Metaspace       used 66671K, committed 67648K, reserved 1114112K
  class space    used 6340K, committed 6784K, reserved 1048576K
}
Event: 1653.247 GC heap after
{Heap after GC invocations=523 (full 442):
 PSYoungGen      total 87040K, used 54783K [0x00000000f5580000, 0x00000000fcc00000, 0x0000000100000000)
  eden space 54784K, 99% used [0x00000000f5580000,0x00000000f8afff00,0x00000000f8b00000)
  from space 32256K, 0% used [0x00000000fac80000,0x00000000fac80000,0x00000000fcc00000)
  to   space 17920K, 0% used [0x00000000f8b00000,0x00000000f8b00000,0x00000000f9c80000)
 ParOldGen       total 349696K, used 349694K [0x00000000e0000000, 0x00000000f5580000, 0x00000000f5580000)
  object space 349696K, 99% used [0x00000000e0000000,0x00000000f557fa08,0x00000000f5580000)
 Metaspace       used 66671K, committed 67648K, reserved 1114112K
  class space    used 6340K, committed 6784K, reserved 1048576K
}
Event: 1653.248 GC heap before
{Heap before GC invocations=524 (full 443):
 PSYoungGen      total 87040K, used 54783K [0x00000000f5580000, 0x00000000fcc00000, 0x0000000100000000)
  eden space 54784K, 99% used [0x00000000f5580000,0x00000000f8affff8,0x00000000f8b00000)
  from space 32256K, 0% used [0x00000000fac80000,0x00000000fac80000,0x00000000fcc00000)
  to   space 17920K, 0% used [0x00000000f8b00000,0x00000000f8b00000,0x00000000f9c80000)
 ParOldGen       total 349696K, used 349694K [0x00000000e0000000, 0x00000000f5580000, 0x00000000f5580000)
  object space 349696K, 99% used [0x00000000e0000000,0x00000000f557fa08,0x00000000f5580000)
 Metaspace       used 66671K, committed 67648K, reserved 1114112K
  class space    used 6340K, committed 6784K, reserved 1048576K
}
Event: 1656.133 GC heap after
{Heap after GC invocations=524 (full 443):
 PSYoungGen      total 72704K, used 54783K [0x00000000f5580000, 0x00000000fcc00000, 0x0000000100000000)
  eden space 54784K, 99% used [0x00000000f5580000,0x00000000f8afffb8,0x00000000f8b00000)
  from space 17920K, 0% used [0x00000000f8b00000,0x00000000f8b00000,0x00000000f9c80000)
  to   space 32256K, 0% used [0x00000000fac80000,0x00000000fac80000,0x00000000fcc00000)
 ParOldGen       total 349696K, used 349694K [0x00000000e0000000, 0x00000000f5580000, 0x00000000f5580000)
  object space 349696K, 99% used [0x00000000e0000000,0x00000000f557fa08,0x00000000f5580000)
 Metaspace       used 66671K, committed 67648K, reserved 1114112K
  class space    used 6340K, committed 6784K, reserved 1048576K
}
Event: 1656.134 GC heap before
{Heap before GC invocations=525 (full 444):
 PSYoungGen      total 72704K, used 54783K [0x00000000f5580000, 0x00000000fcc00000, 0x0000000100000000)
  eden space 54784K, 99% used [0x00000000f5580000,0x00000000f8affff8,0x00000000f8b00000)
  from space 17920K, 0% used [0x00000000f8b00000,0x00000000f8b00000,0x00000000f9c80000)
  to   space 32256K, 0% used [0x00000000fac80000,0x00000000fac80000,0x00000000fcc00000)
 ParOldGen       total 349696K, used 349695K [0x00000000e0000000, 0x00000000f5580000, 0x00000000f5580000)
  object space 349696K, 99% used [0x00000000e0000000,0x00000000f557fcf0,0x00000000f5580000)
 Metaspace       used 66671K, committed 67648K, reserved 1114112K
  class space    used 6340K, committed 6784K, reserved 1048576K
}
Event: 1659.029 GC heap after
{Heap after GC invocations=525 (full 444):
 PSYoungGen      total 87040K, used 54783K [0x00000000f5580000, 0x00000000fcc00000, 0x0000000100000000)
  eden space 54784K, 99% used [0x00000000f5580000,0x00000000f8afff48,0x00000000f8b00000)
  from space 32256K, 0% used [0x00000000fac80000,0x00000000fac80000,0x00000000fcc00000)
  to   space 17920K, 0% used [0x00000000f8b00000,0x00000000f8b00000,0x00000000f9c80000)
 ParOldGen       total 349696K, used 349694K [0x00000000e0000000, 0x00000000f5580000, 0x00000000f5580000)
  object space 349696K, 99% used [0x00000000e0000000,0x00000000f557fa90,0x00000000f5580000)
 Metaspace       used 66671K, committed 67648K, reserved 1114112K
  class space    used 6340K, committed 6784K, reserved 1048576K
}
Event: 1659.029 GC heap before
{Heap before GC invocations=526 (full 445):
 PSYoungGen      total 87040K, used 54783K [0x00000000f5580000, 0x00000000fcc00000, 0x0000000100000000)
  eden space 54784K, 99% used [0x00000000f5580000,0x00000000f8afff48,0x00000000f8b00000)
  from space 32256K, 0% used [0x00000000fac80000,0x00000000fac80000,0x00000000fcc00000)
  to   space 17920K, 0% used [0x00000000f8b00000,0x00000000f8b00000,0x00000000f9c80000)
 ParOldGen       total 349696K, used 349694K [0x00000000e0000000, 0x00000000f5580000, 0x00000000f5580000)
  object space 349696K, 99% used [0x00000000e0000000,0x00000000f557fa90,0x00000000f5580000)
 Metaspace       used 66671K, committed 67648K, reserved 1114112K
  class space    used 6340K, committed 6784K, reserved 1048576K
}
Event: 1661.720 GC heap after
{Heap after GC invocations=526 (full 445):
 PSYoungGen      total 72704K, used 54783K [0x00000000f5580000, 0x00000000fcc00000, 0x0000000100000000)
  eden space 54784K, 99% used [0x00000000f5580000,0x00000000f8afff48,0x00000000f8b00000)
  from space 17920K, 0% used [0x00000000f8b00000,0x00000000f8b00000,0x00000000f9c80000)
  to   space 32256K, 0% used [0x00000000fac80000,0x00000000fac80000,0x00000000fcc00000)
 ParOldGen       total 349696K, used 349694K [0x00000000e0000000, 0x00000000f5580000, 0x00000000f5580000)
  object space 349696K, 99% used [0x00000000e0000000,0x00000000f557fa90,0x00000000f5580000)
 Metaspace       used 66671K, committed 67648K, reserved 1114112K
  class space    used 6340K, committed 6784K, reserved 1048576K
}

Dll operation events (9 events):
Event: 0.016 Loaded shared library /nix/store/gpxl5qgg8kicmcvivwmybwjlpf7wh20l-graalvm17-ce-22.3.0/lib/libjava.so
Event: 0.042 Loaded shared library /nix/store/gpxl5qgg8kicmcvivwmybwjlpf7wh20l-graalvm17-ce-22.3.0/lib/libjsvml.so
Event: 0.347 Loaded shared library /nix/store/gpxl5qgg8kicmcvivwmybwjlpf7wh20l-graalvm17-ce-22.3.0/lib/libnio.so
Event: 0.355 Loaded shared library /nix/store/gpxl5qgg8kicmcvivwmybwjlpf7wh20l-graalvm17-ce-22.3.0/lib/libzip.so
Event: 0.424 Loaded shared library /nix/store/gpxl5qgg8kicmcvivwmybwjlpf7wh20l-graalvm17-ce-22.3.0/lib/libjvmcicompiler.so
Event: 1.031 Loaded shared library /nix/store/gpxl5qgg8kicmcvivwmybwjlpf7wh20l-graalvm17-ce-22.3.0/lib/libjimage.so
Event: 1.631 Loaded shared library /nix/store/gpxl5qgg8kicmcvivwmybwjlpf7wh20l-graalvm17-ce-22.3.0/lib/libnet.so
Event: 11.816 Loaded shared library /home/runner/.cache/jdt-language-server/config/org.eclipse.equinox.launcher/org.eclipse.equinox.launcher.gtk.linux.x86_64_1.2.400.v20211117-0650/eclipse_11600.so
Event: 43.939 Loaded shared library /nix/store/gpxl5qgg8kicmcvivwmybwjlpf7wh20l-graalvm17-ce-22.3.0/lib/libextnet.so

Deoptimization events (20 events):
Event: 328.642 Thread 0x00007f1e6c001130 DEOPT PACKING pc=0x00007f1edfd48b59 sp=0x00007f1ea51fda60
Event: 328.642 Thread 0x00007f1e6c001130 DEOPT UNPACKING pc=0x00007f1edf505325 sp=0x00007f1ea51fcf10 mode 0
Event: 335.019 Thread 0x00007f1ef8647ff0 DEOPT PACKING pc=0x00007f1ee023c986 sp=0x00007f1ea58fd480
Event: 335.019 Thread 0x00007f1ef8647ff0 DEOPT UNPACKING pc=0x00007f1edf505325 sp=0x00007f1ea58fc910 mode 0
Event: 337.015 Thread 0x00007f1e800010d0 DEOPT PACKING pc=0x00007f1ee0574695 sp=0x00007f1ea4ffe0a0
Event: 337.015 Thread 0x00007f1e800010d0 DEOPT UNPACKING pc=0x00007f1edf505325 sp=0x00007f1ea4ffd538 mode 0
Event: 340.815 Thread 0x00007f1e74000ff0 DEOPT PACKING pc=0x00007f1ee023c986 sp=0x00007f1ea4bfd6a0
Event: 340.815 Thread 0x00007f1e74000ff0 DEOPT UNPACKING pc=0x00007f1edf505325 sp=0x00007f1ea4bfcb30 mode 0
Event: 341.723 Thread 0x00007f1e640efc70 DEOPT PACKING pc=0x00007f1edfd077b5 sp=0x00007f1ea54fd8e0
Event: 341.723 Thread 0x00007f1e640efc70 DEOPT UNPACKING pc=0x00007f1edf505325 sp=0x00007f1ea54fcd98 mode 0
Event: 346.426 Thread 0x00007f1ef8647ff0 DEOPT PACKING pc=0x00007f1ee023c986 sp=0x00007f1ea58fd480
Event: 346.426 Thread 0x00007f1ef8647ff0 DEOPT UNPACKING pc=0x00007f1edf505325 sp=0x00007f1ea58fc910 mode 0
Event: 354.220 Thread 0x00007f1ef8647ff0 DEOPT PACKING pc=0x00007f1ee023c986 sp=0x00007f1ea58fccd0
Event: 354.220 Thread 0x00007f1ef8647ff0 DEOPT UNPACKING pc=0x00007f1edf505325 sp=0x00007f1ea58fc160 mode 0
Event: 354.354 Thread 0x00007f1e64113af0 Uncommon trap: trap_request=0xffffffcd fr.pc=0x00007f1ee71db2d6 relative=0x0000000000000b56
Event: 354.354 Thread 0x00007f1e64113af0 Uncommon trap: reason=intrinsic_or_type_checked_inlining action=reinterpret pc=0x00007f1ee71db2d6 method=org.eclipse.jdt.internal.compiler.util.SimpleLookupTable.put(Ljava/lang/Object;Ljava/lang/Object;)Ljava/lang/Object; @ 0 jvmci
Event: 354.354 Thread 0x00007f1e64113af0 DEOPT PACKING pc=0x00007f1ee71db2d6 sp=0x00007f1ea54fdb70
Event: 354.354 Thread 0x00007f1e64113af0 DEOPT UNPACKING pc=0x00007f1edf505325 sp=0x00007f1ea54fd048 mode 3
Event: 441.136 Thread 0x00007f1e7403ec60 DEOPT PACKING pc=0x00007f1edfd077b5 sp=0x00007f1ea47fd5c0
Event: 441.136 Thread 0x00007f1e7403ec60 DEOPT UNPACKING pc=0x00007f1edf505325 sp=0x00007f1ea47fca78 mode 0

Classes unloaded (20 events):
Event: 277.638 Thread 0x00007f1ef80a1640 Unloading class 0x0000000800f11000 'jdk/internal/reflect/GeneratedConstructorAccessor14'
Event: 277.638 Thread 0x00007f1ef80a1640 Unloading class 0x0000000800f10800 'jdk/internal/reflect/GeneratedConstructorAccessor12'
Event: 277.638 Thread 0x00007f1ef80a1640 Unloading class 0x0000000800f10400 'jdk/internal/reflect/GeneratedConstructorAccessor11'
Event: 277.638 Thread 0x00007f1ef80a1640 Unloading class 0x0000000800f10000 'jdk/internal/reflect/GeneratedConstructorAccessor10'
Event: 318.727 Thread 0x00007f1ef80a1640 Unloading class 0x0000000801128400 'jdk/internal/reflect/GeneratedMethodAccessor11'
Event: 318.727 Thread 0x00007f1ef80a1640 Unloading class 0x00000008010ecc00 'jdk/internal/reflect/GeneratedMethodAccessor10'
Event: 318.727 Thread 0x00007f1ef80a1640 Unloading class 0x00000008010ec800 'jdk/internal/reflect/GeneratedMethodAccessor9'
Event: 318.727 Thread 0x00007f1ef80a1640 Unloading class 0x00000008010ec000 'jdk/internal/reflect/GeneratedMethodAccessor7'
Event: 375.043 Thread 0x00007f1ef80a1640 Unloading class 0x0000000801089400 'java/lang/invoke/LambdaForm$MH+0x0000000801089400'
Event: 375.043 Thread 0x00007f1ef80a1640 Unloading class 0x0000000801089000 'java/lang/invoke/LambdaForm$MH+0x0000000801089000'
Event: 375.043 Thread 0x00007f1ef80a1640 Unloading class 0x0000000801088c00 'java/lang/invoke/LambdaForm$MH+0x0000000801088c00'
Event: 375.043 Thread 0x00007f1ef80a1640 Unloading class 0x0000000801088800 'java/lang/invoke/LambdaForm$MH+0x0000000801088800'
Event: 375.043 Thread 0x00007f1ef80a1640 Unloading class 0x0000000801088400 'java/lang/invoke/LambdaForm$MH+0x0000000801088400'
Event: 375.043 Thread 0x00007f1ef80a1640 Unloading class 0x0000000801088000 'java/lang/invoke/LambdaForm$MH+0x0000000801088000'
Event: 375.043 Thread 0x00007f1ef80a1640 Unloading class 0x0000000800d98400 'java/lang/invoke/LambdaForm$MH+0x0000000800d98400'
Event: 387.863 Thread 0x00007f1ef80a1640 Unloading class 0x0000000800d04000 'jdk/internal/reflect/GeneratedMethodAccessor15'
Event: 387.863 Thread 0x00007f1ef80a1640 Unloading class 0x00000008010ec400 'jdk/internal/reflect/GeneratedMethodAccessor8'
Event: 455.523 Thread 0x00007f1ef80a1640 Unloading class 0x00000008012ac000 'jdk/internal/reflect/GeneratedConstructorAccessor45'
Event: 461.465 Thread 0x00007f1ef80a1640 Unloading class 0x0000000801284400 'jdk/internal/reflect/GeneratedConstructorAccessor39'
Event: 573.520 Thread 0x00007f1ef80a1640 Unloading class 0x0000000801124000 'jdk/internal/reflect/GeneratedConstructorAccessor37'

Classes redefined (0 events):
No events

Internal exceptions (20 events):
Event: 340.236 Thread 0x00007f1e6415dc90 Exception <a 'java/lang/ClassCastException'{0x00000000f7d0cad8}: class org.eclipse.jdt.internal.compiler.lookup.BinaryTypeBinding cannot be cast to class org.eclipse.jdt.internal.compiler.lookup.SourceTypeBinding (org.eclipse.jdt.internal.compiler.lookup.BinaryTypeBinding and org.eclipse.jdt.internal.compiler.lookup.SourceTypeBinding are in unnamed module of loader org.eclipse.osgi.internal.loader.EquinoxClassLoader @359c17e3)> (0x00000000f7d0cad8) 
thrown [src/hotspot/share/interpreter/interpreterRuntime.
Event: 340.236 Thread 0x00007f1e6415dc90 Exception <a 'java/lang/ClassCastException'{0x00000000f7d0cf40}: class org.eclipse.jdt.internal.compiler.lookup.BinaryTypeBinding cannot be cast to class org.eclipse.jdt.internal.compiler.lookup.SourceTypeBinding (org.eclipse.jdt.internal.compiler.lookup.BinaryTypeBinding and org.eclipse.jdt.internal.compiler.lookup.SourceTypeBinding are in unnamed module of loader org.eclipse.osgi.internal.loader.EquinoxClassLoader @359c17e3)> (0x00000000f7d0cf40) 
thrown [src/hotspot/share/interpreter/interpreterRuntime.
Event: 341.716 Thread 0x00007f1e640efc70 Exception <a 'java/lang/ArrayIndexOutOfBoundsException'{0x00000000f89248a0}> (0x00000000f89248a0) 
thrown [src/hotspot/share/runtime/sharedRuntime.cpp, line 628]
Event: 346.129 Thread 0x00007f1e640efc70 Exception <a 'java/lang/ArrayIndexOutOfBoundsException'{0x00000000f8885c78}> (0x00000000f8885c78) 
thrown [src/hotspot/share/runtime/sharedRuntime.cpp, line 628]
Event: 349.521 Thread 0x00007f1e640efc70 Exception <a 'java/lang/ArrayIndexOutOfBoundsException'{0x00000000f82bd8b0}> (0x00000000f82bd8b0) 
thrown [src/hotspot/share/runtime/sharedRuntime.cpp, line 628]
Event: 349.627 Thread 0x00007f1e6406f0f0 Exception <a 'java/lang/ArrayIndexOutOfBoundsException'{0x00000000f84015d8}> (0x00000000f84015d8) 
thrown [src/hotspot/share/runtime/sharedRuntime.cpp, line 628]
Event: 349.827 Thread 0x00007f1e641126b0 Exception <a 'java/lang/ArrayIndexOutOfBoundsException'{0x00000000f862cd30}> (0x00000000f862cd30) 
thrown [src/hotspot/share/runtime/sharedRuntime.cpp, line 628]
Event: 349.933 Thread 0x00007f1e64113af0 Exception <a 'java/lang/ArrayIndexOutOfBoundsException'{0x00000000f8741128}> (0x00000000f8741128) 
thrown [src/hotspot/share/runtime/sharedRuntime.cpp, line 628]
Event: 350.024 Thread 0x00007f1e64113af0 Exception <a 'java/lang/ArrayIndexOutOfBoundsException'{0x00000000f885de50}> (0x00000000f885de50) 
thrown [src/hotspot/share/runtime/sharedRuntime.cpp, line 628]
Event: 350.121 Thread 0x00007f1e64113af0 Exception <a 'java/lang/ArrayIndexOutOfBoundsException'{0x00000000f8960f28}> (0x00000000f8960f28) 
thrown [src/hotspot/share/runtime/sharedRuntime.cpp, line 628]
Event: 350.217 Thread 0x00007f1e641126b0 Exception <a 'java/lang/ArrayIndexOutOfBoundsException'{0x00000000f8a5d5a0}> (0x00000000f8a5d5a0) 
thrown [src/hotspot/share/runtime/sharedRuntime.cpp, line 628]
Event: 353.635 Thread 0x00007f1e64113af0 Exception <a 'java/lang/ArrayIndexOutOfBoundsException'{0x00000000f83b7b48}> (0x00000000f83b7b48) 
thrown [src/hotspot/share/runtime/sharedRuntime.cpp, line 628]
Event: 353.724 Thread 0x00007f1e64113af0 Exception <a 'java/lang/ArrayIndexOutOfBoundsException'{0x00000000f84bb990}> (0x00000000f84bb990) 
thrown [src/hotspot/share/runtime/sharedRuntime.cpp, line 628]
Event: 354.316 Thread 0x00007f1e64113af0 Exception <a 'java/lang/ArrayIndexOutOfBoundsException'{0x00000000f8886310}> (0x00000000f8886310) 
thrown [src/hotspot/share/runtime/sharedRuntime.cpp, line 628]
Event: 354.351 Thread 0x00007f1e64113af0 Exception <a 'java/lang/ArrayIndexOutOfBoundsException'{0x00000000f88abea0}> (0x00000000f88abea0) 
thrown [src/hotspot/share/runtime/sharedRuntime.cpp, line 628]
Event: 354.354 Thread 0x00007f1e64113af0 Exception <a 'java/lang/ArrayIndexOutOfBoundsException'{0x00000000f88ad260}> (0x00000000f88ad260) 
thrown [src/hotspot/share/runtime/sharedRuntime.cpp, line 628]
Event: 453.464 Thread 0x00007f1e64113af0 Exception <a 'java/lang/ArrayIndexOutOfBoundsException'{0x00000000f89cdc70}> (0x00000000f89cdc70) 
thrown [src/hotspot/share/runtime/sharedRuntime.cpp, line 628]
Event: 453.519 Thread 0x00007f1e64113af0 Exception <a 'java/lang/ArrayIndexOutOfBoundsException'{0x00000000f8a06530}> (0x00000000f8a06530) 
thrown [src/hotspot/share/runtime/sharedRuntime.cpp, line 628]
Event: 453.519 Thread 0x00007f1e64113af0 Exception <a 'java/lang/ArrayIndexOutOfBoundsException'{0x00000000f8a077e8}> (0x00000000f8a077e8) 
thrown [src/hotspot/share/runtime/sharedRuntime.cpp, line 628]
Event: 1661.720 Thread 0x00007f1ef80b1c10 Exception <a 'java/lang/OutOfMemoryError'{0x00000000e0003c70}> (0x00000000e0003c70) 
thrown [src/hotspot/share/gc/shared/memAllocator.cpp, line 136]

VM Operations (20 events):
Event: 1633.320 Executing VM operation: ParallelGCFailedAllocation
Event: 1635.832 Executing VM operation: ParallelGCFailedAllocation done
Event: 1635.832 Executing VM operation: ParallelGCFailedAllocation
Event: 1638.138 Executing VM operation: ParallelGCFailedAllocation done
Event: 1638.138 Executing VM operation: ParallelGCFailedAllocation
Event: 1640.735 Executing VM operation: ParallelGCFailedAllocation done
Event: 1640.735 Executing VM operation: ParallelGCFailedAllocation
Event: 1643.144 Executing VM operation: ParallelGCFailedAllocation done
Event: 1643.145 Executing VM operation: ParallelGCFailedAllocation
Event: 1645.660 Executing VM operation: ParallelGCFailedAllocation done
Event: 1645.660 Executing VM operation: ParallelGCFailedAllocation
Event: 1648.258 Executing VM operation: ParallelGCFailedAllocation done
Event: 1648.258 Executing VM operation: ParallelGCFailedAllocation
Event: 1650.947 Executing VM operation: ParallelGCFailedAllocation done
Event: 1650.947 Executing VM operation: ParallelGCFailedAllocation
Event: 1653.248 Executing VM operation: ParallelGCFailedAllocation done
Event: 1653.248 Executing VM operation: ParallelGCFailedAllocation
Event: 1656.133 Executing VM operation: ParallelGCFailedAllocation done
Event: 1656.134 Executing VM operation: ParallelGCFailedAllocation
Event: 1661.720 Executing VM operation: ParallelGCFailedAllocation done

Events (20 events):
Event: 354.314 Protecting memory [0x00007f1ea5400000,0x00007f1ea5404000] with protection modes 0
Event: 394.624 Thread 0x00007f1ef80b4180 flushing nmethod 0x00007f1ee0352290
Event: 394.634 Thread 0x00007f1ef80b4180 flushing nmethod 0x00007f1ee07e8110
Event: 394.636 Thread 0x00007f1ef80b4180 flushing nmethod 0x00007f1ee0928010
Event: 394.637 Thread 0x00007f1ef80b4180 flushing nmethod 0x00007f1ee0a7db90
Event: 394.637 Thread 0x00007f1ef80b4180 flushing nmethod 0x00007f1ee0a80110
Event: 405.752 loading class java/io/InterruptedIOException
Event: 405.752 loading class java/io/InterruptedIOException done
Event: 405.752 loading class javax/net/ssl/SSLException
Event: 405.752 loading class javax/net/ssl/SSLException done
Event: 405.752 loading class java/lang/AssertionError
Event: 405.752 loading class java/lang/AssertionError done
Event: 405.753 Thread 0x00007f1e5c43dc70 Thread exited: 0x00007f1e5c43dc70
Event: 423.162 Thread 0x00007f1e6c001130 Thread exited: 0x00007f1e6c001130
Event: 437.432 Thread 0x00007f1e9c002410 Thread exited: 0x00007f1e9c002410
Event: 437.529 Thread 0x00007f1e64113af0 Thread exited: 0x00007f1e64113af0
Event: 449.616 Thread 0x00007f1e800010d0 Thread exited: 0x00007f1e800010d0
Event: 453.453 Thread 0x00007f1e64113af0 Thread added: 0x00007f1e64113af0
Event: 453.453 Protecting memory [0x00007f1ea4f00000,0x00007f1ea4f04000] with protection modes 0
Event: 462.628 Thread 0x00007f1e5c43e1f0 Thread exited: 0x00007f1e5c43e1f0


Dynamic libraries:
e0000000-f3d80000 rw-p 00000000 00:00 0 
f3d80000-fcc00000 rw-p 00000000 00:00 0 
fcc00000-100000000 ---p 00000000 00:00 0 
800000000-800449000 rw-p 00001000 00:5b0 707969865                       /nix/store/gpxl5qgg8kicmcvivwmybwjlpf7wh20l-graalvm17-ce-22.3.0/lib/server/classes.jsa
800449000-800bc8000 r--p 0044a000 00:5b0 707969865                       /nix/store/gpxl5qgg8kicmcvivwmybwjlpf7wh20l-graalvm17-ce-22.3.0/lib/server/classes.jsa
800bc8000-800c00000 ---p 00000000 00:00 0 
800c00000-800c10000 rw-p 00000000 00:00 0 
800c10000-800c30000 rw-p 00000000 00:00 0 
800c30000-800cb0000 rw-p 00000000 00:00 0 
800cb0000-800cf0000 rw-p 00000000 00:00 0 
800cf0000-800db0000 rw-p 00000000 00:00 0 
800db0000-800df0000 rw-p 00000000 00:00 0 
800df0000-800f30000 rw-p 00000000 00:00 0 
800f30000-800fb0000 rw-p 00000000 00:00 0 
800fb0000-800ff0000 rw-p 00000000 00:00 0 
800ff0000-801230000 rw-p 00000000 00:00 0 
801230000-801250000 rw-p 00000000 00:00 0 
801250000-801280000 ---p 00000000 00:00 0 
801280000-8012d0000 rw-p 00000000 00:00 0 
8012d0000-840c00000 ---p 00000000 00:00 0 
5630432a4000-5630432a5000 r-xp 00000000 00:5b0 672029940                 /nix/store/gpxl5qgg8kicmcvivwmybwjlpf7wh20l-graalvm17-ce-22.3.0/bin/.java-wrapped
5630432a6000-5630432a7000 r--p 00001000 00:5b0 672029940                 /nix/store/gpxl5qgg8kicmcvivwmybwjlpf7wh20l-graalvm17-ce-22.3.0/bin/.java-wrapped
5630432a7000-5630432a8000 rw-p 00002000 00:5b0 672029940                 /nix/store/gpxl5qgg8kicmcvivwmybwjlpf7wh20l-graalvm17-ce-22.3.0/bin/.java-wrapped
5630432a8000-5630432a9000 rw-p 00004000 00:5b0 672029940                 /nix/store/gpxl5qgg8kicmcvivwmybwjlpf7wh20l-graalvm17-ce-22.3.0/bin/.java-wrapped
5630432a9000-5630432aa000 rw-p 00005000 00:5b0 672029940                 /nix/store/gpxl5qgg8kicmcvivwmybwjlpf7wh20l-graalvm17-ce-22.3.0/bin/.java-wrapped
563043c70000-563043cb8000 rw-p 00000000 00:00 0                          [heap]
7f1e18000000-7f1e18021000 rw-p 00000000 00:00 0 
7f1e18021000-7f1e1c000000 ---p 00000000 00:00 0 
7f1e1c000000-7f1e1c021000 rw-p 00000000 00:00 0 
7f1e1c021000-7f1e20000000 ---p 00000000 00:00 0 
7f1e20000000-7f1e20021000 rw-p 00000000 00:00 0 
7f1e20021000-7f1e24000000 ---p 00000000 00:00 0 
7f1e24000000-7f1e2402c000 rw-p 00000000 00:00 0 
7f1e2402c000-7f1e28000000 ---p 00000000 00:00 0 
7f1e28000000-7f1e28075000 rw-p 00000000 00:00 0 
7f1e28075000-7f1e2c000000 ---p 00000000 00:00 0 
7f1e2c000000-7f1e2c021000 rw-p 00000000 00:00 0 
7f1e2c021000-7f1e30000000 ---p 00000000 00:00 0 
7f1e30000000-7f1e3008a000 rw-p 00000000 00:00 0 
7f1e3008a000-7f1e34000000 ---p 00000000 00:00 0 
7f1e34000000-7f1e34072000 rw-p 00000000 00:00 0 
7f1e34072000-7f1e38000000 ---p 00000000 00:00 0 
7f1e38000000-7f1e38021000 rw-p 00000000 00:00 0 
7f1e38021000-7f1e3c000000 ---p 00000000 00:00 0 
7f1e3c000000-7f1e3c0c7000 rw-p 00000000 00:00 0 
7f1e3c0c7000-7f1e40000000 ---p 00000000 00:00 0 
7f1e40000000-7f1e40021000 rw-p 00000000 00:00 0 
7f1e40021000-7f1e44000000 ---p 00000000 00:00 0 
7f1e45c00000-7f1e45cd0000 rw-p 00000000 00:00 0 
7f1e45cd0000-7f1e45fc0000 rw-p 00000000 00:00 0 
7f1e45fc0000-7f1e46400000 ---p 00000000 00:00 0 
7f1e464b3000-7f1e50000000 r--s 00000000 00:5b0 707804677                 /nix/store/gpxl5qgg8kicmcvivwmybwjlpf7wh20l-graalvm17-ce-22.3.0/lib/modules
7f1e50000000-7f1e50021000 rw-p 00000000 00:00 0 
7f1e50021000-7f1e54000000 ---p 00000000 00:00 0 
7f1e54000000-7f1e54021000 rw-p 00000000 00:00 0 
7f1e54021000-7f1e58000000 ---p 00000000 00:00 0 
7f1e58000000-7f1e58021000 rw-p 00000000 00:00 0 
7f1e58021000-7f1e5c000000 ---p 00000000 00:00 0 
7f1e5c000000-7f1e5c4fd000 rw-p 00000000 00:00 0 
7f1e5c4fd000-7f1e60000000 ---p 00000000 00:00 0 
7f1e61800000-7f1e61af0000 rw-p 00000000 00:00 0 
7f1e61af0000-7f1e61bb0000 rw-p 00000000 00:00 0 
7f1e61bb0000-7f1e61c00000 ---p 00000000 00:00 0 
7f1e61c00000-7f1e61ff0000 rw-p 00000000 00:00 0 
7f1e61ff0000-7f1e62000000 rw-p 00000000 00:00 0 
7f1e62800000-7f1e62ff0000 rw-p 00000000 00:00 0 
7f1e62ff0000-7f1e635f0000 rw-p 00000000 00:00 0 
7f1e635f0000-7f1e637f0000 rw-p 00000000 00:00 0 
7f1e637f0000-7f1e638b0000 rw-p 00000000 00:00 0 
7f1e638b0000-7f1e638f0000 rw-p 00000000 00:00 0 
7f1e638f0000-7f1e63af0000 rw-p 00000000 00:00 0 
7f1e63af0000-7f1e63cf0000 rw-p 00000000 00:00 0 
7f1e63cf0000-7f1e63ef0000 rw-p 00000000 00:00 0 
7f1e63ef0000-7f1e64000000 rw-p 00000000 00:00 0 
7f1e64000000-7f1e6417a000 rw-p 00000000 00:00 0 
7f1e6417a000-7f1e68000000 ---p 00000000 00:00 0 
7f1e68000000-7f1e68033000 rw-p 00000000 00:00 0 
7f1e68033000-7f1e6c000000 ---p 00000000 00:00 0 
7f1e6c000000-7f1e6c275000 rw-p 00000000 00:00 0 
7f1e6c275000-7f1e70000000 ---p 00000000 00:00 0 
7f1e70000000-7f1e70021000 rw-p 00000000 00:00 0 
7f1e70021000-7f1e74000000 ---p 00000000 00:00 0 
7f1e74000000-7f1e74061000 rw-p 00000000 00:00 0 
7f1e74061000-7f1e78000000 ---p 00000000 00:00 0 
7f1e78000000-7f1e78021000 rw-p 00000000 00:00 0 
7f1e78021000-7f1e7c000000 ---p 00000000 00:00 0 
7f1e7c000000-7f1e7c021000 rw-p 00000000 00:00 0 
7f1e7c021000-7f1e80000000 ---p 00000000 00:00 0 
7f1e80000000-7f1e80349000 rw-p 00000000 00:00 0 
7f1e80349000-7f1e84000000 ---p 00000000 00:00 0 
7f1e84000000-7f1e84021000 rw-p 00000000 00:00 0 
7f1e84021000-7f1e88000000 ---p 00000000 00:00 0 
7f1e88000000-7f1e880d2000 rw-p 00000000 00:00 0 
7f1e880d2000-7f1e8c000000 ---p 00000000 00:00 0 
7f1e8c000000-7f1e8c8d1000 rw-p 00000000 00:00 0 
7f1e8c8d1000-7f1e90000000 ---p 00000000 00:00 0 
7f1e90000000-7f1e90027000 rw-p 00000000 00:00 0 
7f1e90027000-7f1e94000000 ---p 00000000 00:00 0 
7f1e94000000-7f1e94021000 rw-p 00000000 00:00 0 
7f1e94021000-7f1e98000000 ---p 00000000 00:00 0 
7f1e98000000-7f1e98021000 rw-p 00000000 00:00 0 
7f1e98021000-7f1e9c000000 ---p 00000000 00:00 0 
7f1e9c000000-7f1e9c021000 rw-p 00000000 00:00 0 
7f1e9c021000-7f1ea0000000 ---p 00000000 00:00 0 
7f1ea0400000-7f1ea04f0000 rw-p 00000000 00:00 0 
7f1ea04f0000-7f1ea05f0000 rw-p 00000000 00:00 0 
7f1ea05f0000-7f1ea0bf0000 rw-p 00000000 00:00 0 
7f1ea0bf0000-7f1ea0cf0000 rw-p 00000000 00:00 0 
7f1ea0cf0000-7f1ea0df0000 rw-p 00000000 00:00 0 
7f1ea0df0000-7f1ea10f0000 rw-p 00000000 00:00 0 
7f1ea10f0000-7f1ea11f0000 rw-p 00000000 00:00 0 
7f1ea11f0000-7f1ea1400000 rw-p 00000000 00:00 0 
7f1ea1600000-7f1ea1610000 r-xp 00000000 00:558 390                       /home/runner/.cache/jdt-language-server/config/org.eclipse.equinox.launcher/org.eclipse.equinox.launcher.gtk.linux.x86_64_1.2.400.v20211117-0650/eclipse_11600.so
7f1ea1610000-7f1ea180f000 ---p 00010000 00:558 390                       /home/runner/.cache/jdt-language-server/config/org.eclipse.equinox.launcher/org.eclipse.equinox.launcher.gtk.linux.x86_64_1.2.400.v20211117-0650/eclipse_11600.so
7f1ea180f000-7f1ea1810000 r--p 0000f000 00:558 390                       /home/runner/.cache/jdt-language-server/config/org.eclipse.equinox.launcher/org.eclipse.equinox.launcher.gtk.linux.x86_64_1.2.400.v20211117-0650/eclipse_11600.so
7f1ea1810000-7f1ea1811000 rw-p 00010000 00:558 390                       /home/runner/.cache/jdt-language-server/config/org.eclipse.equinox.launcher/org.eclipse.equinox.launcher.gtk.linux.x86_64_1.2.400.v20211117-0650/eclipse_11600.so
7f1ea2300000-7f1ea2400000 ---p 00000000 00:00 0 
7f1ea2400000-7f1ea29af000 r--p 01122000 00:5b0 707802136                 /nix/store/gpxl5qgg8kicmcvivwmybwjlpf7wh20l-graalvm17-ce-22.3.0/lib/libjvmcicompiler.so
7f1ea29af000-7f1ea2b00000 r--p 00000000 00:00 0 
7f1ea2b00000-7f1ea2b3d000 rw-p 00000000 00:00 0 
7f1ea2b3d000-7f1ea305d000 rw-p 0185f000 00:5b0 707802136                 /nix/store/gpxl5qgg8kicmcvivwmybwjlpf7wh20l-graalvm17-ce-22.3.0/lib/libjvmcicompiler.so
7f1ea305d000-7f1ea3444000 r--p 01d7f000 00:5b0 707802136                 /nix/store/gpxl5qgg8kicmcvivwmybwjlpf7wh20l-graalvm17-ce-22.3.0/lib/libjvmcicompiler.so
7f1ea3500000-7f1ea3504000 ---p 00000000 00:00 0 
7f1ea3504000-7f1ea3600000 rw-p 00000000 00:00 0 
7f1ea3700000-7f1ea3704000 ---p 00000000 00:00 0 
7f1ea3704000-7f1ea3800000 rw-p 00000000 00:00 0 
7f1ea3900000-7f1ea3904000 ---p 00000000 00:00 0 
7f1ea3904000-7f1ea3a00000 rw-p 00000000 00:00 0 
7f1ea3b00000-7f1ea3b04000 ---p 00000000 00:00 0 
7f1ea3b04000-7f1ea3c00000 rw-p 00000000 00:00 0 
7f1ea3d00000-7f1ea3d04000 ---p 00000000 00:00 0 
7f1ea3d04000-7f1ea3e00000 rw-p 00000000 00:00 0 
7f1ea3f00000-7f1ea3f04000 ---p 00000000 00:00 0 
7f1ea3f04000-7f1ea4000000 rw-p 00000000 00:00 0 
7f1ea4000000-7f1ea4004000 ---p 00000000 00:00 0 
7f1ea4004000-7f1ea4100000 rw-p 00000000 00:00 0 
7f1ea4100000-7f1ea4104000 ---p 00000000 00:00 0 
7f1ea4104000-7f1ea4200000 rw-p 00000000 00:00 0 
7f1ea4300000-7f1ea4304000 ---p 00000000 00:00 0 
7f1ea4304000-7f1ea4400000 rw-p 00000000 00:00 0 
7f1ea4500000-7f1ea4504000 ---p 00000000 00:00 0 
7f1ea4504000-7f1ea4600000 rw-p 00000000 00:00 0 
7f1ea4600000-7f1ea4604000 ---p 00000000 00:00 0 
7f1ea4604000-7f1ea4700000 rw-p 00000000 00:00 0 
7f1ea4700000-7f1ea4704000 ---p 00000000 00:00 0 
7f1ea4704000-7f1ea4800000 rw-p 00000000 00:00 0 
7f1ea4900000-7f1ea4904000 ---p 00000000 00:00 0 
7f1ea4904000-7f1ea4a00000 rw-p 00000000 00:00 0 
7f1ea4b00000-7f1ea4b04000 ---p 00000000 00:00 0 
7f1ea4b04000-7f1ea4c00000 rw-p 00000000 00:00 0 
7f1ea4d00000-7f1ea4d04000 ---p 00000000 00:00 0 
7f1ea4d04000-7f1ea4e00000 rw-p 00000000 00:00 0 
7f1ea4f00000-7f1ea4f04000 ---p 00000000 00:00 0 
7f1ea4f04000-7f1ea5000000 rw-p 00000000 00:00 0 
7f1ea5000000-7f1ea5004000 ---p 00000000 00:00 0 
7f1ea5004000-7f1ea5100000 rw-p 00000000 00:00 0 
7f1ea5100000-7f1ea5104000 ---p 00000000 00:00 0 
7f1ea5104000-7f1ea5200000 rw-p 00000000 00:00 0 
7f1ea5300000-7f1ea5304000 ---p 00000000 00:00 0 
7f1ea5304000-7f1ea5400000 rw-p 00000000 00:00 0 
7f1ea5400000-7f1ea5404000 ---p 00000000 00:00 0 
7f1ea5404000-7f1ea5500000 rw-p 00000000 00:00 0 
7f1ea5500000-7f1ea5504000 ---p 00000000 00:00 0 
7f1ea5504000-7f1ea5600000 rw-p 00000000 00:00 0 
7f1ea5600000-7f1ea5604000 ---p 00000000 00:00 0 
7f1ea5604000-7f1ea5700000 rw-p 00000000 00:00 0 
7f1ea5700000-7f1ea5704000 ---p 00000000 00:00 0 
7f1ea5704000-7f1ea5800000 rw-p 00000000 00:00 0 
7f1ea5800000-7f1ea5804000 ---p 00000000 00:00 0 
7f1ea5804000-7f1ea5900000 rw-p 00000000 00:00 0 
7f1ea5900000-7f1ea5904000 ---p 00000000 00:00 0 
7f1ea5904000-7f1ea5a00000 rw-p 00000000 00:00 0 
7f1ea5a00000-7f1ea5a04000 ---p 00000000 00:00 0 
7f1ea5a04000-7f1ea5b00000 rw-p 00000000 00:00 0 
7f1ea5b00000-7f1ea5b04000 ---p 00000000 00:00 0 
7f1ea5b04000-7f1ea5c00000 rw-p 00000000 00:00 0 
7f1ea5c00000-7f1ea7d6a000 r-xp 00000000 00:5b0 707802136                 /nix/store/gpxl5qgg8kicmcvivwmybwjlpf7wh20l-graalvm17-ce-22.3.0/lib/libjvmcicompiler.so
7f1ea7d6a000-7f1ea7f69000 ---p 0216a000 00:5b0 707802136                 /nix/store/gpxl5qgg8kicmcvivwmybwjlpf7wh20l-graalvm17-ce-22.3.0/lib/libjvmcicompiler.so
7f1ea7f69000-7f1ea7f6a000 r--p 02169000 00:5b0 707802136                 /nix/store/gpxl5qgg8kicmcvivwmybwjlpf7wh20l-graalvm17-ce-22.3.0/lib/libjvmcicompiler.so
7f1ea7f6a000-7f1ea7f6c000 rw-p 0216a000 00:5b0 707802136                 /nix/store/gpxl5qgg8kicmcvivwmybwjlpf7wh20l-graalvm17-ce-22.3.0/lib/libjvmcicompiler.so
7f1ea7f6c000-7f1ea7f6d000 rw-p 00000000 00:00 0 
7f1ea7f6d000-7f1ea7f72000 rw-p 023c3000 00:5b0 707802136                 /nix/store/gpxl5qgg8kicmcvivwmybwjlpf7wh20l-graalvm17-ce-22.3.0/lib/libjvmcicompiler.so
7f1ea8000000-7f1ea8021000 rw-p 00000000 00:00 0 
7f1ea8021000-7f1eac000000 ---p 00000000 00:00 0 
7f1eac000000-7f1eac021000 rw-p 00000000 00:00 0 
7f1eac021000-7f1eb0000000 ---p 00000000 00:00 0 
7f1eb0000000-7f1eb0029000 rw-p 00000000 00:00 0 
7f1eb0029000-7f1eb4000000 ---p 00000000 00:00 0 
7f1eb4000000-7f1eb4021000 rw-p 00000000 00:00 0 
7f1eb4021000-7f1eb8000000 ---p 00000000 00:00 0 
7f1eb8000000-7f1eb80f8000 rw-p 00000000 00:00 0 
7f1eb80f8000-7f1ebc000000 ---p 00000000 00:00 0 
7f1ebc000000-7f1ebcb53000 rw-p 00000000 00:00 0 
7f1ebcb53000-7f1ec0000000 ---p 00000000 00:00 0 
7f1ec0000000-7f1ec0021000 rw-p 00000000 00:00 0 
7f1ec0021000-7f1ec4000000 ---p 00000000 00:00 0 
7f1ec4000000-7f1ec4021000 rw-p 00000000 00:00 0 
7f1ec4021000-7f1ec8000000 ---p 00000000 00:00 0 
7f1ec8000000-7f1ec8021000 rw-p 00000000 00:00 0 
7f1ec8021000-7f1ecc000000 ---p 00000000 00:00 0 
7f1ecc000000-7f1ecc021000 rw-p 00000000 00:00 0 
7f1ecc021000-7f1ed0000000 ---p 00000000 00:00 0 
7f1ed0000000-7f1ed0021000 rw-p 00000000 00:00 0 
7f1ed0021000-7f1ed4000000 ---p 00000000 00:00 0 
7f1ed4000000-7f1ed4021000 rw-p 00000000 00:00 0 
7f1ed4021000-7f1ed8000000 ---p 00000000 00:00 0 
7f1ed8000000-7f1ed810d000 rw-p 00000000 00:00 0 
7f1ed810d000-7f1edc000000 ---p 00000000 00:00 0 
7f1edc000000-7f1edc004000 ---p 00000000 00:00 0 
7f1edc004000-7f1edc100000 rw-p 00000000 00:00 0 
7f1edc100000-7f1edc104000 ---p 00000000 00:00 0 
7f1edc104000-7f1edc200000 rw-p 00000000 00:00 0 
7f1edc200000-7f1edc204000 ---p 00000000 00:00 0 
7f1edc204000-7f1edc300000 rw-p 00000000 00:00 0 
7f1edd068000-7f1edd500000 rw-p 00000000 00:00 0 
7f1edd518000-7f1edd519000 ---p 00000000 00:00 0 
7f1edd519000-7f1edd61a000 rw-p 00000000 00:00 0 
7f1edd61a000-7f1edd61e000 ---p 00000000 00:00 0 
7f1edd61e000-7f1edd71a000 rw-p 00000000 00:00 0 
7f1edd71a000-7f1edd71e000 ---p 00000000 00:00 0 
7f1edd71e000-7f1edd81a000 rw-p 00000000 00:00 0 
7f1edd81a000-7f1edd81e000 ---p 00000000 00:00 0 
7f1edd81e000-7f1edd91a000 rw-p 00000000 00:00 0 
7f1edd91a000-7f1edd91e000 ---p 00000000 00:00 0 
7f1edd91e000-7f1eddb1a000 rw-p 00000000 00:00 0 
7f1eddb1a000-7f1eddb1e000 ---p 00000000 00:00 0 
7f1eddb1e000-7f1eddd1a000 rw-p 00000000 00:00 0 
7f1eddd1a000-7f1eddd1e000 ---p 00000000 00:00 0 
7f1eddd1e000-7f1edde1a000 rw-p 00000000 00:00 0 
7f1edde1a000-7f1edde1e000 ---p 00000000 00:00 0 
7f1edde1e000-7f1eddf1a000 rw-p 00000000 00:00 0 
7f1eddf1a000-7f1eddf1e000 ---p 00000000 00:00 0 
7f1eddf1e000-7f1ede01a000 rw-p 00000000 00:00 0 
7f1ede01a000-7f1ede300000 r--p 00000000 00:49f 28444448                  /usr/lib/locale/locale-archive
7f1ede300000-7f1ede304000 ---p 00000000 00:00 0 
7f1ede304000-7f1ede7f0000 rw-p 00000000 00:00 0 
7f1ede7f0000-7f1edeaf0000 rw-p 00000000 00:00 0 
7f1edeaf0000-7f1edec00000 rw-p 00000000 00:00 0 
7f1edecd7000-7f1edecd9000 r-xp 00000000 00:5b0 707802113                 /nix/store/gpxl5qgg8kicmcvivwmybwjlpf7wh20l-graalvm17-ce-22.3.0/lib/libextnet.so
7f1edecd9000-7f1edecda000 r--p 00001000 00:5b0 707802113                 /nix/store/gpxl5qgg8kicmcvivwmybwjlpf7wh20l-graalvm17-ce-22.3.0/lib/libextnet.so
7f1edecda000-7f1edecdb000 rw-p 00002000 00:5b0 707802113                 /nix/store/gpxl5qgg8kicmcvivwmybwjlpf7wh20l-graalvm17-ce-22.3.0/lib/libextnet.so
7f1edecdb000-7f1edecdc000 rw-p 00004000 00:5b0 707802113                 /nix/store/gpxl5qgg8kicmcvivwmybwjlpf7wh20l-graalvm17-ce-22.3.0/lib/libextnet.so
7f1edecdc000-7f1edece0000 ---p 00000000 00:00 0 
7f1edece0000-7f1ededdc000 rw-p 00000000 00:00 0 
7f1ededdc000-7f1ededdd000 ---p 00000000 00:00 0 
7f1ededdd000-7f1edeede000 rw-p 00000000 00:00 0 
7f1edeede000-7f1edefac000 r-xp 00000000 00:5b0 707802132                 /nix/store/gpxl5qgg8kicmcvivwmybwjlpf7wh20l-graalvm17-ce-22.3.0/lib/libjsvml.so
7f1edefac000-7f1edefad000 r--p 000cd000 00:5b0 707802132                 /nix/store/gpxl5qgg8kicmcvivwmybwjlpf7wh20l-graalvm17-ce-22.3.0/lib/libjsvml.so
7f1edefad000-7f1edefae000 rw-p 000ce000 00:5b0 707802132                 /nix/store/gpxl5qgg8kicmcvivwmybwjlpf7wh20l-graalvm17-ce-22.3.0/lib/libjsvml.so
7f1edefae000-7f1edf4b3000 rw-p 00000000 00:00 0 
7f1edf4b3000-7f1edf723000 rwxp 00000000 00:00 0 
7f1edf723000-7f1edfa42000 ---p 00000000 00:00 0 
7f1edfa42000-7f1ee0dc2000 rwxp 00000000 00:00 0 
7f1ee0dc2000-7f1ee6f7a000 ---p 00000000 00:00 0 
7f1ee6f7a000-7f1ee729a000 rwxp 00000000 00:00 0 
7f1ee729a000-7f1eee4b3000 ---p 00000000 00:00 0 
7f1eee4b3000-7f1ef8000000 r--s 00000000 00:5b0 707804677                 /nix/store/gpxl5qgg8kicmcvivwmybwjlpf7wh20l-graalvm17-ce-22.3.0/lib/modules
7f1ef8000000-7f1ef864f000 rw-p 00000000 00:00 0 
7f1ef864f000-7f1efc004000 ---p 00000000 00:00 0 
7f1efc004000-7f1efc022000 rw-p 00000000 00:00 0 
7f1efc022000-7f1efc029000 r-xp 00000000 00:5b0 707804676                 /nix/store/gpxl5qgg8kicmcvivwmybwjlpf7wh20l-graalvm17-ce-22.3.0/lib/libzip.so
7f1efc029000-7f1efc02a000 ---p 00007000 00:5b0 707804676                 /nix/store/gpxl5qgg8kicmcvivwmybwjlpf7wh20l-graalvm17-ce-22.3.0/lib/libzip.so
7f1efc02a000-7f1efc02b000 r--p 00007000 00:5b0 707804676                 /nix/store/gpxl5qgg8kicmcvivwmybwjlpf7wh20l-graalvm17-ce-22.3.0/lib/libzip.so
7f1efc02b000-7f1efc02c000 rw-p 00008000 00:5b0 707804676                 /nix/store/gpxl5qgg8kicmcvivwmybwjlpf7wh20l-graalvm17-ce-22.3.0/lib/libzip.so
7f1efc02c000-7f1efc02e000 rw-p 0000b000 00:5b0 707804676                 /nix/store/gpxl5qgg8kicmcvivwmybwjlpf7wh20l-graalvm17-ce-22.3.0/lib/libzip.so
7f1efc02e000-7f1efc043000 r-xp 00000000 00:5b0 707804666                 /nix/store/gpxl5qgg8kicmcvivwmybwjlpf7wh20l-graalvm17-ce-22.3.0/lib/libnet.so
7f1efc043000-7f1efc044000 ---p 00015000 00:5b0 707804666                 /nix/store/gpxl5qgg8kicmcvivwmybwjlpf7wh20l-graalvm17-ce-22.3.0/lib/libnet.so
7f1efc044000-7f1efc045000 r--p 00015000 00:5b0 707804666                 /nix/store/gpxl5qgg8kicmcvivwmybwjlpf7wh20l-graalvm17-ce-22.3.0/lib/libnet.so
7f1efc045000-7f1efc046000 rw-p 00016000 00:5b0 707804666                 /nix/store/gpxl5qgg8kicmcvivwmybwjlpf7wh20l-graalvm17-ce-22.3.0/lib/libnet.so
7f1efc046000-7f1efc049000 rw-p 0001b000 00:5b0 707804666                 /nix/store/gpxl5qgg8kicmcvivwmybwjlpf7wh20l-graalvm17-ce-22.3.0/lib/libnet.so
7f1efc049000-7f1efc05c000 r-xp 00000000 00:5b0 707804667                 /nix/store/gpxl5qgg8kicmcvivwmybwjlpf7wh20l-graalvm17-ce-22.3.0/lib/libnio.so
7f1efc05c000-7f1efc05d000 r--p 00012000 00:5b0 707804667                 /nix/store/gpxl5qgg8kicmcvivwmybwjlpf7wh20l-graalvm17-ce-22.3.0/lib/libnio.so
7f1efc05d000-7f1efc05e000 rw-p 00013000 00:5b0 707804667                 /nix/store/gpxl5qgg8kicmcvivwmybwjlpf7wh20l-graalvm17-ce-22.3.0/lib/libnio.so
7f1efc05e000-7f1efc063000 rw-p 00019000 00:5b0 707804667                 /nix/store/gpxl5qgg8kicmcvivwmybwjlpf7wh20l-graalvm17-ce-22.3.0/lib/libnio.so
7f1efc063000-7f1efd436000 rw-p 00000000 00:00 0 
7f1efd436000-7f1efd437000 ---p 00000000 00:00 0 
7f1efd437000-7f1efd5d7000 rw-p 00000000 00:00 0 
7f1efd5d7000-7f1efd61e000 rw-p 00000000 00:00 0 
7f1efd61e000-7f1efd638000 ---p 00000000 00:00 0 
7f1efd638000-7f1efd640000 rw-p 00000000 00:00 0 
7f1efd640000-7f1efd724000 ---p 00000000 00:00 0 
7f1efd724000-7f1efd74b000 rw-p 00000000 00:00 0 
7f1efd74b000-7f1efd80f000 ---p 00000000 00:00 0 
7f1efd80f000-7f1efd814000 rw-p 00000000 00:00 0 
7f1efd814000-7f1efd81b000 ---p 00000000 00:00 0 
7f1efd81b000-7f1efd83f000 r-xp 00000000 00:5b0 707802124                 /nix/store/gpxl5qgg8kicmcvivwmybwjlpf7wh20l-graalvm17-ce-22.3.0/lib/libjava.so
7f1efd83f000-7f1efd840000 ---p 00024000 00:5b0 707802124                 /nix/store/gpxl5qgg8kicmcvivwmybwjlpf7wh20l-graalvm17-ce-22.3.0/lib/libjava.so
7f1efd840000-7f1efd841000 r--p 00024000 00:5b0 707802124                 /nix/store/gpxl5qgg8kicmcvivwmybwjlpf7wh20l-graalvm17-ce-22.3.0/lib/libjava.so
7f1efd841000-7f1efd842000 rw-p 00025000 00:5b0 707802124                 /nix/store/gpxl5qgg8kicmcvivwmybwjlpf7wh20l-graalvm17-ce-22.3.0/lib/libjava.so
7f1efd842000-7f1efd843000 rw-p 00000000 00:00 0 
7f1efd843000-7f1efd84a000 rw-p 0002f000 00:5b0 707802124                 /nix/store/gpxl5qgg8kicmcvivwmybwjlpf7wh20l-graalvm17-ce-22.3.0/lib/libjava.so
7f1efd84a000-7f1efd852000 rw-s 00000000 00:468 387                       /tmp/hsperfdata_runner/21
7f1efd852000-7f1efd853000 ---p 00000000 00:00 0 
7f1efd853000-7f1efd854000 r--p 00000000 00:00 0 
7f1efd854000-7f1efd855000 rwxp 00000000 00:00 0 
7f1efd855000-7f1efd870000 r-xp 00000000 00:5b0 707802128                 /nix/store/gpxl5qgg8kicmcvivwmybwjlpf7wh20l-graalvm17-ce-22.3.0/lib/libjimage.so
7f1efd870000-7f1efd871000 ---p 0001b000 00:5b0 707802128                 /nix/store/gpxl5qgg8kicmcvivwmybwjlpf7wh20l-graalvm17-ce-22.3.0/lib/libjimage.so
7f1efd871000-7f1efd873000 r--p 0001b000 00:5b0 707802128                 /nix/store/gpxl5qgg8kicmcvivwmybwjlpf7wh20l-graalvm17-ce-22.3.0/lib/libjimage.so
7f1efd873000-7f1efd874000 rw-p 0001d000 00:5b0 707802128                 /nix/store/gpxl5qgg8kicmcvivwmybwjlpf7wh20l-graalvm17-ce-22.3.0/lib/libjimage.so
7f1efd874000-7f1efd875000 rw-p 00024000 00:5b0 707802128                 /nix/store/gpxl5qgg8kicmcvivwmybwjlpf7wh20l-graalvm17-ce-22.3.0/lib/libjimage.so
7f1efd875000-7f1efd879000 ---p 00000000 00:00 0 
7f1efd879000-7f1efd975000 rw-p 00000000 00:00 0 
7f1efd975000-7f1efd983000 r--p 00000000 00:5b0 600592023                 /nix/store/4nlgxhb09sdr51nc9hdm8az5b08vzkgx-glibc-2.35-163/lib/libm.so.6
7f1efd983000-7f1efd9f6000 r-xp 0000e000 00:5b0 600592023                 /nix/store/4nlgxhb09sdr51nc9hdm8az5b08vzkgx-glibc-2.35-163/lib/libm.so.6
7f1efd9f6000-7f1efda53000 r--p 00081000 00:5b0 600592023                 /nix/store/4nlgxhb09sdr51nc9hdm8az5b08vzkgx-glibc-2.35-163/lib/libm.so.6
7f1efda53000-7f1efda54000 r--p 000dd000 00:5b0 600592023                 /nix/store/4nlgxhb09sdr51nc9hdm8az5b08vzkgx-glibc-2.35-163/lib/libm.so.6
7f1efda54000-7f1efda55000 rw-p 000de000 00:5b0 600592023                 /nix/store/4nlgxhb09sdr51nc9hdm8az5b08vzkgx-glibc-2.35-163/lib/libm.so.6
7f1efda55000-7f1efda56000 r--p 00000000 00:5b0 600592042                 /nix/store/4nlgxhb09sdr51nc9hdm8az5b08vzkgx-glibc-2.35-163/lib/librt.so.1
7f1efda56000-7f1efda57000 r-xp 00001000 00:5b0 600592042                 /nix/store/4nlgxhb09sdr51nc9hdm8az5b08vzkgx-glibc-2.35-163/lib/librt.so.1
7f1efda57000-7f1efda58000 r--p 00002000 00:5b0 600592042                 /nix/store/4nlgxhb09sdr51nc9hdm8az5b08vzkgx-glibc-2.35-163/lib/librt.so.1
7f1efda58000-7f1efda59000 r--p 00002000 00:5b0 600592042                 /nix/store/4nlgxhb09sdr51nc9hdm8az5b08vzkgx-glibc-2.35-163/lib/librt.so.1
7f1efda59000-7f1efda5a000 rw-p 00003000 00:5b0 600592042                 /nix/store/4nlgxhb09sdr51nc9hdm8az5b08vzkgx-glibc-2.35-163/lib/librt.so.1
7f1efda5a000-7f1efeb6d000 r-xp 00000000 00:5b0 707972962                 /nix/store/gpxl5qgg8kicmcvivwmybwjlpf7wh20l-graalvm17-ce-22.3.0/lib/server/libjvm.so
7f1efeb6d000-7f1efeb6e000 ---p 01113000 00:5b0 707972962                 /nix/store/gpxl5qgg8kicmcvivwmybwjlpf7wh20l-graalvm17-ce-22.3.0/lib/server/libjvm.so
7f1efeb6e000-7f1efec23000 r--p 01113000 00:5b0 707972962                 /nix/store/gpxl5qgg8kicmcvivwmybwjlpf7wh20l-graalvm17-ce-22.3.0/lib/server/libjvm.so
7f1efec23000-7f1efec57000 rw-p 011c8000 00:5b0 707972962                 /nix/store/gpxl5qgg8kicmcvivwmybwjlpf7wh20l-graalvm17-ce-22.3.0/lib/server/libjvm.so
7f1efec57000-7f1efecb3000 rw-p 00000000 00:00 0 
7f1efecb3000-7f1efecdb000 r--p 00000000 00:5b0 600592014                 /nix/store/4nlgxhb09sdr51nc9hdm8az5b08vzkgx-glibc-2.35-163/lib/libc.so.6
7f1efecdb000-7f1efee51000 r-xp 00028000 00:5b0 600592014                 /nix/store/4nlgxhb09sdr51nc9hdm8az5b08vzkgx-glibc-2.35-163/lib/libc.so.6
7f1efee51000-7f1efeea9000 r--p 0019e000 00:5b0 600592014                 /nix/store/4nlgxhb09sdr51nc9hdm8az5b08vzkgx-glibc-2.35-163/lib/libc.so.6
7f1efeea9000-7f1efeead000 r--p 001f6000 00:5b0 600592014                 /nix/store/4nlgxhb09sdr51nc9hdm8az5b08vzkgx-glibc-2.35-163/lib/libc.so.6
7f1efeead000-7f1efeeaf000 rw-p 001fa000 00:5b0 600592014                 /nix/store/4nlgxhb09sdr51nc9hdm8az5b08vzkgx-glibc-2.35-163/lib/libc.so.6
7f1efeeaf000-7f1efeebe000 rw-p 00000000 00:00 0 
7f1efeebe000-7f1efeebf000 r--p 00000000 00:5b0 600592019                 /nix/store/4nlgxhb09sdr51nc9hdm8az5b08vzkgx-glibc-2.35-163/lib/libdl.so.2
7f1efeebf000-7f1efeec0000 r-xp 00001000 00:5b0 600592019                 /nix/store/4nlgxhb09sdr51nc9hdm8az5b08vzkgx-glibc-2.35-163/lib/libdl.so.2
7f1efeec0000-7f1efeec1000 r--p 00002000 00:5b0 600592019                 /nix/store/4nlgxhb09sdr51nc9hdm8az5b08vzkgx-glibc-2.35-163/lib/libdl.so.2
7f1efeec1000-7f1efeec2000 r--p 00002000 00:5b0 600592019                 /nix/store/4nlgxhb09sdr51nc9hdm8az5b08vzkgx-glibc-2.35-163/lib/libdl.so.2
7f1efeec2000-7f1efeec3000 rw-p 00003000 00:5b0 600592019                 /nix/store/4nlgxhb09sdr51nc9hdm8az5b08vzkgx-glibc-2.35-163/lib/libdl.so.2
7f1efeec3000-7f1efeec4000 r--p 00000000 00:5b0 600592038                 /nix/store/4nlgxhb09sdr51nc9hdm8az5b08vzkgx-glibc-2.35-163/lib/libpthread.so.0
7f1efeec4000-7f1efeec5000 r-xp 00001000 00:5b0 600592038                 /nix/store/4nlgxhb09sdr51nc9hdm8az5b08vzkgx-glibc-2.35-163/lib/libpthread.so.0
7f1efeec5000-7f1efeec6000 r--p 00002000 00:5b0 600592038                 /nix/store/4nlgxhb09sdr51nc9hdm8az5b08vzkgx-glibc-2.35-163/lib/libpthread.so.0
7f1efeec6000-7f1efeec7000 r--p 00002000 00:5b0 600592038                 /nix/store/4nlgxhb09sdr51nc9hdm8az5b08vzkgx-glibc-2.35-163/lib/libpthread.so.0
7f1efeec7000-7f1efeec8000 rw-p 00003000 00:5b0 600592038                 /nix/store/4nlgxhb09sdr51nc9hdm8az5b08vzkgx-glibc-2.35-163/lib/libpthread.so.0
7f1efeec8000-7f1efeed6000 r-xp 00000000 00:5b0 707802129                 /nix/store/gpxl5qgg8kicmcvivwmybwjlpf7wh20l-graalvm17-ce-22.3.0/lib/libjli.so
7f1efeed6000-7f1efeed7000 ---p 0000e000 00:5b0 707802129                 /nix/store/gpxl5qgg8kicmcvivwmybwjlpf7wh20l-graalvm17-ce-22.3.0/lib/libjli.so
7f1efeed7000-7f1efeed8000 r--p 0000e000 00:5b0 707802129                 /nix/store/gpxl5qgg8kicmcvivwmybwjlpf7wh20l-graalvm17-ce-22.3.0/lib/libjli.so
7f1efeed8000-7f1efeed9000 rw-p 0000f000 00:5b0 707802129                 /nix/store/gpxl5qgg8kicmcvivwmybwjlpf7wh20l-graalvm17-ce-22.3.0/lib/libjli.so
7f1efeed9000-7f1efeeda000 rw-p 00012000 00:5b0 707802129                 /nix/store/gpxl5qgg8kicmcvivwmybwjlpf7wh20l-graalvm17-ce-22.3.0/lib/libjli.so
7f1efeeda000-7f1efeedd000 r--p 00000000 00:5b0 678822167                 /nix/store/026hln0aq1hyshaxsdvhg0kmcm6yf45r-zlib-1.2.13/lib/libz.so.1.2.13
7f1efeedd000-7f1efeeef000 r-xp 00003000 00:5b0 678822167                 /nix/store/026hln0aq1hyshaxsdvhg0kmcm6yf45r-zlib-1.2.13/lib/libz.so.1.2.13
7f1efeeef000-7f1efeef6000 r--p 00015000 00:5b0 678822167                 /nix/store/026hln0aq1hyshaxsdvhg0kmcm6yf45r-zlib-1.2.13/lib/libz.so.1.2.13
7f1efeef6000-7f1efeef7000 r--p 0001b000 00:5b0 678822167                 /nix/store/026hln0aq1hyshaxsdvhg0kmcm6yf45r-zlib-1.2.13/lib/libz.so.1.2.13
7f1efeef7000-7f1efeef8000 rw-p 0001c000 00:5b0 678822167                 /nix/store/026hln0aq1hyshaxsdvhg0kmcm6yf45r-zlib-1.2.13/lib/libz.so.1.2.13
7f1efeef8000-7f1efeefa000 rw-p 00000000 00:00 0 
7f1efeefa000-7f1efeefc000 r--p 00000000 00:5b0 600592008                 /nix/store/4nlgxhb09sdr51nc9hdm8az5b08vzkgx-glibc-2.35-163/lib/ld-linux-x86-64.so.2
7f1efeefc000-7f1efef23000 r-xp 00002000 00:5b0 600592008                 /nix/store/4nlgxhb09sdr51nc9hdm8az5b08vzkgx-glibc-2.35-163/lib/ld-linux-x86-64.so.2
7f1efef23000-7f1efef2f000 r--p 00029000 00:5b0 600592008                 /nix/store/4nlgxhb09sdr51nc9hdm8az5b08vzkgx-glibc-2.35-163/lib/ld-linux-x86-64.so.2
7f1efef2f000-7f1efef31000 r--p 00034000 00:5b0 600592008                 /nix/store/4nlgxhb09sdr51nc9hdm8az5b08vzkgx-glibc-2.35-163/lib/ld-linux-x86-64.so.2
7f1efef31000-7f1efef33000 rw-p 00036000 00:5b0 600592008                 /nix/store/4nlgxhb09sdr51nc9hdm8az5b08vzkgx-glibc-2.35-163/lib/ld-linux-x86-64.so.2
7ffe1aeaa000-7ffe1aece000 rw-p 00000000 00:00 0                          [stack]
7ffe1afc7000-7ffe1afcb000 r--p 00000000 00:00 0                          [vvar]
7ffe1afcb000-7ffe1afcd000 r-xp 00000000 00:00 0                          [vdso]
ffffffffff600000-ffffffffff601000 --xp 00000000 00:00 0                  [vsyscall]


VM Arguments:
jvm_args: -XX:ThreadPriorityPolicy=1 -XX:+UnlockExperimentalVMOptions -XX:+EnableJVMCIProduct -XX:JVMCIThreadsPerNativeLibraryRuntime=1 -XX:-UnlockExperimentalVMOptions -Declipse.application=org.eclipse.jdt.ls.core.id1 -Dosgi.bundles.defaultStartLevel=4 -Declipse.product=org.eclipse.jdt.ls.core.product -Dlog.level=ALL -Xverify:none -XX:+UseParallelGC -XX:GCTimeRatio=4 -XX:AdaptiveSizePolicyWeight=90 -Dsun.zip.disableMemoryMapping=true -Xmx512m -Xms100m 
java_command: /nix/store/a7s9klvriqi68xz3qjc0qyfl5h86xc16-jdt-language-server-1.9.0/share/java/plugins/org.eclipse.equinox.launcher_1.6.400.v20210924-0641.jar --add-modules=ALL-SYSTEM --add-opens java.base/java.util=ALL-UNNAMED --add-opens java.base/java.lang=ALL-UNNAMED -configuration /home/runner/.cache/jdt-language-server/config -data /home/runner/.cache/jdt-language-server/data/home/runner/New-PLTW-252-Activity
java_class_path (initial): /nix/store/a7s9klvriqi68xz3qjc0qyfl5h86xc16-jdt-language-server-1.9.0/share/java/plugins/org.eclipse.equinox.launcher_1.6.400.v20210924-0641.jar
Launcher Type: SUN_STANDARD

[Global flags]
    uintx AdaptiveSizePolicyWeight                 = 90                                        {product} {command line}
     intx CICompilerCount                          = 2                                         {product} {ergonomic}
     bool EnableJVMCIProduct                       = true                                {JVMCI product} {jimage}
    uintx GCTimeRatio                              = 4                                         {product} {command line}
   size_t InitialHeapSize                          = 104857600                                 {product} {command line}
     uint JVMCIThreadsPerNativeLibraryRuntime      = 1                                   {JVMCI product} {jimage}
   size_t MaxHeapSize                              = 536870912                                 {product} {command line}
   size_t MaxNewSize                               = 178782208                                 {product} {ergonomic}
   size_t MinHeapDeltaBytes                        = 524288                                    {product} {ergonomic}
   size_t MinHeapSize                              = 104857600                                 {product} {command line}
   size_t NewSize                                  = 34603008                                  {product} {ergonomic}
    uintx NonNMethodCodeHeapSize                   = 5826188                                {pd product} {ergonomic}
    uintx NonProfiledCodeHeapSize                  = 122916026                              {pd product} {ergonomic}
   size_t OldSize                                  = 70254592                                  {product} {ergonomic}
    uintx ProfiledCodeHeapSize                     = 122916026                              {pd product} {ergonomic}
    uintx ReservedCodeCacheSize                    = 251658240                              {pd product} {ergonomic}
     bool SegmentedCodeCache                       = true                                      {product} {ergonomic}
   size_t SoftMaxHeapSize                          = 536870912                              {manageable} {ergonomic}
     intx ThreadPriorityPolicy                     = 1                                         {product} {jimage}
     bool UseCompressedClassPointers               = true                           {product lp64_product} {ergonomic}
     bool UseCompressedOops                        = true                           {product lp64_product} {ergonomic}
     bool UseParallelGC                            = true                                      {product} {command line}

Logging:
Log output configuration:
 #0: stdout all=warning uptime,level,tags
 #1: stderr all=off uptime,level,tags

Environment Variables:
JAVA_HOME=/nix/store/gpxl5qgg8kicmcvivwmybwjlpf7wh20l-graalvm17-ce-22.3.0
PATH=/nix/store/1d6ian3r8kdzspw8hacjhl3xkp40g1lj-binutils-wrapper-2.39/bin:/nix/store/dq0xwmsk1g0i2ayg6pb7y87na2knzylh-gcc-wrapper-11.3.0/bin:/nix/store/bap4d0lpcrhpwmpb8ayjcgkmvfj62lnq-bash-interactive-5.1-p16/bin:/nix/store/pr5n59mb4jzmfx6kanwxly0l07p861fg-patchelf-0.15.0/bin:/nix/store/1gf2flfqnpqbr1b4p4qz2f72y42bs56r-gcc-11.3.0/bin:/nix/store/57xv61c5zi8pphjbcwxxjlgc34p61ic9-glibc-2.35-163-bin/bin:/nix/store/a7gvj343m05j2s32xcnwr35v31ynlypr-coreutils-9.1/bin:/nix/store/039g378vc3pc3dvi9dzdlrd0i4q93qwf-binutils-2.39/bin:/nix/store/gpxl5qgg8kicmcvivwmybwjlpf7wh20l-graalvm17-ce-22.3.0/bin:/nix/store/6z9ag3ihc8mq2hzsw48lhbznvzny65nz-apache-maven-3.8.6/bin:/nix/store/a7s9klvriqi68xz3qjc0qyfl5h86xc16-jdt-language-server-1.9.0/bin:/nix/store/48ifl2w60a3zp7yskbpnvn8jp9jdsb7k-java-debug/bin:/nix/store/mydc6f4k2z73xlcz7ilif3v2lcaiqvza-findutils-4.9.0/bin:/nix/store/j9p3g8472iijd50vhdprx0nmk2fqn5gv-diffutils-3.8/bin:/nix/store/89zs7rms6x00xfq4dq6m7mjnhkr8a6r4-gnused-4.8/bin:/nix/store/86bp03jkmsl6f92w0yzg4s59g5mhxwmy-gnugrep-3.7/bin:/nix/store/hwcdqw4jrjnd37wxqgsd47hd0j8bnj09-gawk-5.1.1/bin:/nix/store/cfbhw8r8ags41vwqaz47r583d0p4h4a1-gnutar-1.34/bin:/nix/store/p3m1ndl1lapwrlh698bnb5lvvxh67378-gzip-1.12/bin:/nix/store/a8mhcagrsly7c7mpjrpsnaahk4aax056-bzip2-1.0.8-bin/bin:/nix/store/mblgz65m3zv9x548a3d5m96fj2pbwr09-gnumake-4.3/bin:/nix/store/dsd5gz46hdbdk2rfdimqddhq6m8m8fqs-bash-5.1-p16/bin:/nix/store/v7ljksji50mg3w61dykaa3n3y79n6nil-patch-2.7.6/bin:/nix/store/zlcnmqq14jz5x9439jf937mvayyl63da-xz-5.2.7-bin/bin:/nix/store/y6aj732zm9m87c82fpvf103a1xb22blp-file-5.43/bin:/nix/store/v9py4f18ka9m81fl2nrgwim187awj8wb-nix-2.18.0pre20230808_c0e6466/bin:/nix/store/i4kzir3m7mrisxmf5xvlnkw01x4qaqr4-prybar-elisp-0.0.0-e0d9a52/bin:/nix/store/lwwivxf6h7x3cvxp9zv8sj0mv7dak99r-prybar-lua-0.0.0-e0d9a52/bin:/nix/store/gxj28g1cg4hq3qanmjv07156h800qr58-prybar-python3-0.0.0-e0d9a52/bin:/nix/store/hshkjnxrgidigf8x75vg6lqng2xlx9i3-prybar-sqlite-0.0.0-e0d9a52/bin:/nix/store/c4w01bpjgyy5ixmwdk8m1pw87zq4sl
LD_LIBRARY_PATH=/nix/store/a4pff549sk2idnkpzk5nsfps3mdkdnvm-cups-2.4.2-lib/lib:/nix/store/72mqxxhh3cy5yifh92wh2yb8cl2hikyy-cairo-1.16.0/lib:/nix/store/2k366jrbsra97gjfxwvrhvixjfxdach5-glib-2.74.1/lib:/nix/store/2j2znigd8ak37rlwh9khz0ry3clqlw1l-gtk+3-3.24.34/lib:/nix/store/hisqvx32cd57apbpcsnkpx6k3549wql1-libglvnd-1.4.0/lib:/nix/store/p36pgcv991mq5srvg765b78yqpxvk3qs-mesa-21.3.3-drivers/lib:/nix/store/mav4251if1ahjq5vkpwycyyvnmy459c4-pulseaudio-14.2/lib
DISPLAY=:0
LANG=en_US.UTF-8

Signal Handlers:
   SIGSEGV: crash_handler in libjvm.so, mask=11100100010111111101111111111110, flags=SA_RESTART|SA_SIGINFO
    SIGBUS: crash_handler in libjvm.so, mask=11100100010111111101111111111110, flags=SA_RESTART|SA_SIGINFO
    SIGFPE: crash_handler in libjvm.so, mask=11100100010111111101111111111110, flags=SA_RESTART|SA_SIGINFO
   SIGPIPE: IsolateEnterStub_IgnoreSIGPIPEStartupHook_noopSignalHandler_8f19bff2f35b5f630d83b364d6b2339320d4ec70_216e8361c6bc87a8f89f58cc10d3b2fd4415bf87 in libjvmcicompiler.so, mask=00000000000000000000000000000000, flags=SA_RESTART
  *** Handler was modified!
  *** Expected: javaSignalHandler in libjvm.so, mask=11100100110111111111111111111110, flags=SA_RESTART|SA_SIGINFO
   SIGXFSZ: javaSignalHandler in libjvm.so, mask=11100100010111111101111111111110, flags=SA_RESTART|SA_SIGINFO
    SIGILL: crash_handler in libjvm.so, mask=11100100010111111101111111111110, flags=SA_RESTART|SA_SIGINFO
   SIGUSR2: SR_handler in libjvm.so, mask=00000000000000000000000000000000, flags=SA_RESTART|SA_SIGINFO
    SIGHUP: UserHandler in libjvm.so, mask=11100100010111111101111111111110, flags=SA_RESTART|SA_SIGINFO
    SIGINT: UserHandler in libjvm.so, mask=11100100010111111101111111111110, flags=SA_RESTART|SA_SIGINFO
   SIGTERM: UserHandler in libjvm.so, mask=11100100010111111101111111111110, flags=SA_RESTART|SA_SIGINFO
   SIGQUIT: UserHandler in libjvm.so, mask=11100100010111111101111111111110, flags=SA_RESTART|SA_SIGINFO
  *** Handler was modified!
  *** Expected: javaSignalHandler in libjvm.so, mask=11100100110111111111111111111110, flags=SA_RESTART|SA_SIGINFO
   SIGTRAP: crash_handler in libjvm.so, mask=11100100010111111101111111111110, flags=SA_RESTART|SA_SIGINFO


---------------  S Y S T E M  ---------------

OS:
DISTRIB_ID=Ubuntu
DISTRIB_RELEASE=20.04
DISTRIB_CODENAME=focal
DISTRIB_DESCRIPTION="Ubuntu 20.04.2 LTS"
uname: Linux 6.2.0-1017-gcp #19~22.04.1-Ubuntu SMP Fri Oct 13 15:33:25 UTC 2023 x86_64
OS uptime: 0 days 9:05 hours
libc: glibc 2.35 NPTL 2.35 
rlimit (soft/hard): STACK 8192k/infinity , CORE infinity/infinity , NPROC infinity/infinity , NOFILE 5242/5242 , AS infinity/infinity , CPU infinity/infinity , DATA infinity/infinity , FSIZE infinity/infinity , MEMLOCK 8192k/8192k
load average: 24.01 17.15 18.98

/proc/meminfo:
MemTotal:       65835936 kB
MemFree:        34493020 kB
MemAvailable:   44127580 kB
Buffers:         1234544 kB
Cached:          7905648 kB
SwapCached:            0 kB
Active:          5082104 kB
Inactive:       23972648 kB
Active(anon):      19984 kB
Inactive(anon): 19584092 kB
Active(file):    5062120 kB
Inactive(file):  4388556 kB
Unevictable:       28756 kB
Mlocked:           28756 kB
SwapTotal:             0 kB
SwapFree:              0 kB
Zswap:                 0 kB
Zswapped:              0 kB
Dirty:              4388 kB
Writeback:           200 kB
AnonPages:      18999768 kB
Mapped:          1327872 kB
Shmem:             19872 kB
KReclaimable:     955392 kB
Slab:            1484040 kB
SReclaimable:     955392 kB
SUnreclaim:       528648 kB
KernelStack:      153328 kB
PageTables:       263788 kB
SecPageTables:         0 kB
NFS_Unstable:          0 kB
Bounce:                0 kB
WritebackTmp:          0 kB
CommitLimit:    32917968 kB
Committed_AS:   55745988 kB
VmallocTotal:   34359738367 kB
VmallocUsed:      182188 kB
VmallocChunk:          0 kB
Percpu:            31456 kB
HardwareCorrupted:     0 kB
AnonHugePages:   2801664 kB
ShmemHugePages:        0 kB
ShmemPmdMapped:        0 kB
FileHugePages:         0 kB
FilePmdMapped:         0 kB
HugePages_Total:       0
HugePages_Free:        0
HugePages_Rsvd:        0
HugePages_Surp:        0
Hugepagesize:       2048 kB
Hugetlb:               0 kB
DirectMap4k:     3425080 kB
DirectMap2M:    60534784 kB
DirectMap1G:     5242880 kB

/sys/kernel/mm/transparent_hugepage/enabled: always [madvise] never
/sys/kernel/mm/transparent_hugepage/defrag (defrag/compaction efforts parameter): always defer defer+madvise [madvise] never

Process Memory:
Virtual Size: 5263448K (peak: 5301052K)
Resident Set Size: 801528K (peak: 843748K) (anon: 604180K, file: 197348K, shmem: 0K)
Swapped out: 0K
C-Heap outstanding allocations: 45401K, retained: 15227K
glibc malloc tunables: (default)

/proc/sys/kernel/threads-max (system-wide limit on the number of threads): 514277
/proc/sys/vm/max_map_count (maximum number of memory map areas a process may have): 65530
/proc/sys/kernel/pid_max (system-wide limit on number of process identifiers): 4194304

container (cgroup) information:
container_type: cgroupv2
cpu_cpuset_cpus: not supported
cpu_memory_nodes: not supported
active_processor_count: 1
cpu_quota: 50000
cpu_period: 100000
cpu_shares: no shares
memory_limit_in_bytes: 1048576 k
memory_and_swap_limit_in_bytes: unlimited
memory_soft_limit_in_bytes: 524288 k
memory_usage_in_bytes: 882920 k
memory_max_usage_in_bytes: not supported
maximum number of tasks: not supported
current number of tasks: not supported

KVM virtualization detected
Steal ticks since vm start: 5552
Steal ticks percentage since vm start:  0.004

CPU: total 8 (initial active 1) (4 cores per cpu, 2 threads per core) family 6 model 79 stepping 0 microcode 0xffffffff, cx8, cmov, fxsr, ht, mmx, 3dnowpref, sse, sse2, sse3, ssse3, sse4.1, sse4.2, popcnt, lzcnt, tsc, tscinvbit, avx, avx2, aes, erms, clmul, bmi1, bmi2, rtm, adx, fma, vzeroupper, clflush, hv
CPU Model and flags from /proc/cpuinfo:
model name	: Intel(R) Xeon(R) CPU @ 2.20GHz
flags		: fpu vme de pse tsc msr pae mce cx8 apic sep mtrr pge mca cmov pat pse36 clflush mmx fxsr sse sse2 ss ht syscall nx pdpe1gb rdtscp lm constant_tsc rep_good nopl xtopology nonstop_tsc cpuid tsc_known_freq pni pclmulqdq ssse3 fma cx16 pcid sse4_1 sse4_2 x2apic movbe popcnt aes xsave avx f16c rdrand hypervisor lahf_lm abm 3dnowprefetch invpcid_single pti ssbd ibrs ibpb stibp fsgsbase tsc_adjust bmi1 hle avx2 smep bmi2 erms invpcid rtm rdseed adx smap xsaveopt arat md_clear arch_capabilities

Online cpus: 0-7
Offline cpus: 
BIOS frequency limitation: <Not Available>
Frequency switch latency (ns): <Not Available>
Available cpu frequencies: <Not Available>
Current governor: <Not Available>
Core performance/turbo boost: <Not Available>

Memory: 4k page, physical 1048576k(165644k free), swap 0k(0k free)
Page Sizes: 4k

vm_info: OpenJDK 64-Bit Server VM (17.0.5+8-jvmci-22.3-b08) for linux-amd64 JRE (17.0.5+8-jvmci-22.3-b08), built on Oct 19 2022 09:01:27 by "buildslave" with gcc 10.3.0

END.
